Log file open, 05/07/21 09:18:12
LogInit: Display: Running engine for game: Journeyman_CSOM
LogPlatformFile: Not using cached read wrapper
LogTaskGraph: Started task graph with 5 named threads and 23 total threads with 3 sets of task threads.
LogStats: Stats thread started at 0.612160
LogD3D11RHI: Loaded GFSDK_Aftermath_Lib.x64.dll
LogICUInternationalization: ICU TimeZone Detection - Raw Offset: +0:00, Platform Override: ''
LogPluginManager: Mounting plugin Paper2D
LogPluginManager: Mounting plugin AISupport
LogPluginManager: Mounting plugin LightPropagationVolume
LogPluginManager: Mounting plugin CameraShakePreviewer
LogPluginManager: Mounting plugin ActorLayerUtilities
LogPluginManager: Mounting plugin AnimationSharing
LogPluginManager: Mounting plugin CLionSourceCodeAccess
LogPluginManager: Mounting plugin CodeLiteSourceCodeAccess
LogPluginManager: Mounting plugin GitSourceControl
LogPluginManager: Mounting plugin KDevelopSourceCodeAccess
LogPluginManager: Mounting plugin NullSourceCodeAccess
LogPluginManager: Mounting plugin PerforceSourceControl
LogPluginManager: Mounting plugin PlasticSourceControl
LogPluginManager: Mounting plugin RiderSourceCodeAccess
LogPluginManager: Mounting plugin SubversionSourceControl
LogPluginManager: Mounting plugin UObjectPlugin
LogPluginManager: Mounting plugin VisualStudioCodeSourceCodeAccess
LogPluginManager: Mounting plugin VisualStudioSourceCodeAccess
LogPluginManager: Mounting plugin XCodeSourceCodeAccess
LogPluginManager: Mounting plugin AssetManagerEditor
LogPluginManager: Mounting plugin CryptoKeys
LogPluginManager: Mounting plugin CurveEditorTools
LogPluginManager: Mounting plugin DataValidation
LogPluginManager: Mounting plugin EditorScriptingUtilities
LogPluginManager: Mounting plugin FacialAnimation
LogPluginManager: Mounting plugin GameplayTagsEditor
LogPluginManager: Mounting plugin GeometryMode
LogPluginManager: Mounting plugin MacGraphicsSwitching
LogPluginManager: Mounting plugin MaterialAnalyzer
LogPluginManager: Mounting plugin MobileLauncherProfileWizard
LogPluginManager: Mounting plugin PluginBrowser
LogPluginManager: Mounting plugin SpeedTreeImporter
LogPluginManager: Mounting plugin DatasmithContent
LogPluginManager: Mounting plugin VariantManagerContent
LogPluginManager: Mounting plugin AlembicImporter
LogPluginManager: Mounting plugin AutomationUtils
LogPluginManager: Mounting plugin BackChannel
LogPluginManager: Mounting plugin ChaosCloth
LogPluginManager: Mounting plugin ChaosClothEditor
LogPluginManager: Mounting plugin ChaosEditor
LogPluginManager: Mounting plugin ChaosNiagara
LogPluginManager: Mounting plugin ChaosSolverPlugin
LogPluginManager: Mounting plugin CharacterAI
LogPluginManager: Mounting plugin GeometryCache
LogPluginManager: Mounting plugin GeometryCollectionPlugin
LogPluginManager: Mounting plugin GeometryProcessing
LogPluginManager: Mounting plugin PlanarCut
LogPluginManager: Mounting plugin PlatformCrypto
LogPluginManager: Mounting plugin ProxyLODPlugin
LogPluginManager: Mounting plugin SkeletalReduction
LogPluginManager: Mounting plugin Niagara
LogPluginManager: Mounting plugin MagicLeap
LogPluginManager: Mounting plugin MagicLeapLightEstimation
LogPluginManager: Mounting plugin MagicLeapMedia
LogPluginManager: Mounting plugin MagicLeapPassableWorld
LogPluginManager: Mounting plugin MLSDK
LogPluginManager: Mounting plugin AndroidMedia
LogPluginManager: Mounting plugin AvfMedia
LogPluginManager: Mounting plugin ImgMedia
LogPluginManager: Mounting plugin MediaCompositing
LogPluginManager: Mounting plugin MediaPlayerEditor
LogPluginManager: Mounting plugin WebMMedia
LogPluginManager: Mounting plugin WmfMedia
LogPluginManager: Mounting plugin MeshPainting
LogPluginManager: Mounting plugin TcpMessaging
LogPluginManager: Mounting plugin UdpMessaging
LogPluginManager: Mounting plugin ActorSequence
LogPluginManager: Mounting plugin LevelSequenceEditor
LogPluginManager: Mounting plugin MatineeToLevelSequence
LogPluginManager: Mounting plugin MovieRenderPipeline
LogPluginManager: Mounting plugin TemplateSequence
LogPluginManager: Mounting plugin NetcodeUnitTest
LogPluginManager: Mounting plugin NUTUnrealEngine4
LogPluginManager: Mounting plugin OnlineSubsystemGooglePlay
LogPluginManager: Mounting plugin OnlineSubsystemIOS
LogPluginManager: Mounting plugin OnlineSubsystem
LogPluginManager: Mounting plugin OnlineSubsystemNull
LogPluginManager: Mounting plugin OnlineSubsystemUtils
LogPluginManager: Mounting plugin LauncherChunkInstaller
LogPluginManager: Mounting plugin AndroidDeviceProfileSelector
LogPluginManager: Mounting plugin AndroidMoviePlayer
LogPluginManager: Mounting plugin AndroidPermission
LogPluginManager: Mounting plugin AppleImageUtils
LogPluginManager: Mounting plugin AppleMoviePlayer
LogPluginManager: Mounting plugin ArchVisCharacter
LogPluginManager: Mounting plugin AssetTags
LogPluginManager: Mounting plugin AudioCapture
LogPluginManager: Mounting plugin CableComponent
LogPluginManager: Mounting plugin CustomMeshComponent
LogPluginManager: Mounting plugin EditableMesh
LogPluginManager: Mounting plugin ExampleDeviceProfileSelector
LogPluginManager: Mounting plugin GoogleCloudMessaging
LogPluginManager: Mounting plugin GooglePAD
LogPluginManager: Mounting plugin IOSDeviceProfileSelector
LogPluginManager: Mounting plugin LinuxDeviceProfileSelector
LogPluginManager: Mounting plugin LocationServicesBPLibrary
LogPluginManager: Mounting plugin MobilePatchingUtils
LogPluginManager: Mounting plugin OculusVR
LogPluginManager: Mounting plugin PhysXVehicles
LogPluginManager: Mounting plugin PostSplashScreen
LogPluginManager: Mounting plugin ProceduralMeshComponent
LogPluginManager: Mounting plugin RuntimePhysXCooking
LogPluginManager: Mounting plugin SignificanceManager
LogPluginManager: Mounting plugin SoundFields
LogPluginManager: Mounting plugin SteamVR
LogPluginManager: Mounting plugin Synthesis
LogPluginManager: Mounting plugin WebMMoviePlayer
LogPluginManager: Mounting plugin WindowsMoviePlayer
LogPluginManager: Mounting plugin ScreenshotTools
LogInit: Using libcurl 7.55.1-DEV
LogInit:  - built for x86_64-pc-win32
LogInit:  - supports SSL with OpenSSL/1.1.1
LogInit:  - supports HTTP deflate (compression) using libz 1.2.8
LogInit:  - other features:
LogInit:      CURL_VERSION_SSL
LogInit:      CURL_VERSION_LIBZ
LogInit:      CURL_VERSION_IPV6
LogInit:      CURL_VERSION_ASYNCHDNS
LogInit:      CURL_VERSION_LARGEFILE
LogInit:      CURL_VERSION_IDN
LogInit:  CurlRequestOptions (configurable via config and command line):
LogInit:  - bVerifyPeer = true  - Libcurl will verify peer certificate
LogInit:  - bUseHttpProxy = false  - Libcurl will NOT use HTTP proxy
LogInit:  - bDontReuseConnections = false  - Libcurl will reuse connections
LogInit:  - MaxHostConnections = 16  - Libcurl will limit the number of connections to a host
LogInit:  - LocalHostAddr = Default
LogInit:  - BufferSize = 65536
LogOnline: OSS: Creating online subsystem instance for: NULL
LogInit: WinSock: version 1.1 (2.2), MaxSocks=32767, MaxUdp=65467
LogOnline: OSS: TryLoadSubsystemAndSetDefault: Loaded subsystem for module [NULL]
LogInit: Build: ++UE4+Release-4.25-CL-14469661
LogInit: Engine Version: 4.25.4-14469661+++UE4+Release-4.25
LogInit: Compatible Engine Version: 4.25.0-13144385+++UE4+Release-4.25
LogInit: Net CL: 13144385
LogInit: OS: Windows 10 (Release 2004) (), CPU: AMD FX(tm)-8350 Eight-Core Processor           , GPU: AMD Radeon R9 200 Series
LogInit: Compiled (64-bit): Oct 11 2020 08:10:49
LogInit: Compiled with Visual C++: 19.24.28315.00
LogInit: Build Configuration: Development
LogInit: Branch Name: ++UE4+Release-4.25
LogInit: Command Line: 
LogInit: Base Directory: C:/Program Files/Epic Games/UE_4.25/Engine/Binaries/Win64/
LogInit: Allocator: TBB
LogInit: Installed Engine Build: 1
LogDevObjectVersion: Number of dev versions registered: 26
LogDevObjectVersion:   Dev-Blueprints (B0D832E4-1F89-4F0D-ACCF-7EB736FD4AA2): 10
LogDevObjectVersion:   Dev-Build (E1C64328-A22C-4D53-A36C-8E866417BD8C): 0
LogDevObjectVersion:   Dev-Core (375EC13C-06E4-48FB-B500-84F0262A717E): 4
LogDevObjectVersion:   Dev-Editor (E4B068ED-F494-42E9-A231-DA0B2E46BB41): 38
LogDevObjectVersion:   Dev-Framework (CFFC743F-43B0-4480-9391-14DF171D2073): 37
LogDevObjectVersion:   Dev-Mobile (B02B49B5-BB20-44E9-A304-32B752E40360): 2
LogDevObjectVersion:   Dev-Networking (A4E4105C-59A1-49B5-A7C5-40C4547EDFEE): 0
LogDevObjectVersion:   Dev-Online (39C831C9-5AE6-47DC-9A44-9C173E1C8E7C): 0
LogDevObjectVersion:   Dev-Physics (78F01B33-EBEA-4F98-B9B4-84EACCB95AA2): 4
LogDevObjectVersion:   Dev-Platform (6631380F-2D4D-43E0-8009-CF276956A95A): 0
LogDevObjectVersion:   Dev-Rendering (12F88B9F-8875-4AFC-A67C-D90C383ABD29): 43
LogDevObjectVersion:   Dev-Sequencer (7B5AE74C-D270-4C10-A958-57980B212A5A): 12
LogDevObjectVersion:   Dev-VR (D7296918-1DD6-4BDD-9DE2-64A83CC13884): 3
LogDevObjectVersion:   Dev-LoadTimes (C2A15278-BFE7-4AFE-6C17-90FF531DF755): 1
LogDevObjectVersion:   Private-Geometry (6EACA3D4-40EC-4CC1-B786-8BED09428FC5): 3
LogDevObjectVersion:   Dev-AnimPhys (29E575DD-E0A3-4627-9D10-D276232CDCEA): 17
LogDevObjectVersion:   Dev-Anim (AF43A65D-7FD3-4947-9873-3E8ED9C1BB05): 7
LogDevObjectVersion:   Dev-ReflectionCapture (6B266CEC-1EC7-4B8F-A30B-E4D90942FC07): 1
LogDevObjectVersion:   Dev-Automation (0DF73D61-A23F-47EA-B727-89E90C41499A): 1
LogDevObjectVersion:   FortniteMain (601D1886-AC64-4F84-AA16-D3DE0DEAC7D6): 31
LogDevObjectVersion:   Dev-Enterprise (9DFFBCD6-494F-0158-E221-12823C92A888): 10
LogDevObjectVersion:   Dev-Niagara (F2AED0AC-9AFE-416F-8664-AA7FFA26D6FC): 1
LogDevObjectVersion:   Dev-Destruction (174F1F0B-B4C6-45A5-B13F-2EE8D0FB917D): 10
LogDevObjectVersion:   Dev-Physics-Ext (35F94A83-E258-406C-A318-09F59610247C): 37
LogDevObjectVersion:   Dev-PhysicsMaterial-Chaos (B68FC16E-8B1B-42E2-B453-215C058844FE): 1
LogDevObjectVersion:   Dev-CineCamera (B2E18506-4273-CFC2-A54E-F4BB758BBA07): 1
LogInit: Presizing for max 25165824 objects, including 0 objects not considered by GC, pre-allocating 0 bytes for permanent pool.
LogConfig: Applying CVar settings from Section [/Script/Engine.StreamingSettings] File [C:/Users/tim782/Desktop/Castlevania_sotm/Saved/Config/Windows/Engine.ini]
LogConfig: Setting CVar [[s.MinBulkDataSizeForAsyncLoading:131072]]
LogConfig: Setting CVar [[s.AsyncLoadingThreadEnabled:0]]
LogConfig: Setting CVar [[s.EventDrivenLoaderEnabled:1]]
LogConfig: Setting CVar [[s.WarnIfTimeLimitExceeded:0]]
LogConfig: Setting CVar [[s.TimeLimitExceededMultiplier:1.5]]
LogConfig: Setting CVar [[s.TimeLimitExceededMinTime:0.005]]
LogConfig: Setting CVar [[s.UseBackgroundLevelStreaming:1]]
LogConfig: Setting CVar [[s.PriorityAsyncLoadingExtraTime:15.0]]
LogConfig: Setting CVar [[s.LevelStreamingActorsUpdateTimeLimit:5.0]]
LogConfig: Setting CVar [[s.PriorityLevelStreamingActorsUpdateExtraTime:5.0]]
LogConfig: Setting CVar [[s.LevelStreamingComponentsRegistrationGranularity:10]]
LogConfig: Setting CVar [[s.UnregisterComponentsTimeLimit:1.0]]
LogConfig: Setting CVar [[s.LevelStreamingComponentsUnregistrationGranularity:5]]
LogConfig: Setting CVar [[s.FlushStreamingOnExit:1]]
LogInit: Object subsystem initialized
LogConfig: Setting CVar [[con.DebugEarlyDefault:1]]
LogConfig: Setting CVar [[r.setres:1280x720]]
[2021.05.07-08.18.15:786][  0]LogConfig: Setting CVar [[r.VSync:0]]
[2021.05.07-08.18.15:786][  0]LogConfig: Setting CVar [[r.RHICmdBypass:0]]
[2021.05.07-08.18.15:786][  0]LogConfig: Applying CVar settings from Section [/Script/Engine.RendererSettings] File [C:/Users/tim782/Desktop/Castlevania_sotm/Saved/Config/Windows/Engine.ini]
[2021.05.07-08.18.15:786][  0]LogConfig: Setting CVar [[r.GPUCrashDebugging:0]]
[2021.05.07-08.18.15:787][  0]LogConfig: Applying CVar settings from Section [/Script/Engine.RendererOverrideSettings] File [C:/Users/tim782/Desktop/Castlevania_sotm/Saved/Config/Windows/Engine.ini]
[2021.05.07-08.18.15:787][  0]LogConfig: Applying CVar settings from Section [/Script/Engine.StreamingSettings] File [C:/Users/tim782/Desktop/Castlevania_sotm/Saved/Config/Windows/Engine.ini]
[2021.05.07-08.18.15:787][  0]LogConfig: Setting CVar [[s.MinBulkDataSizeForAsyncLoading:131072]]
[2021.05.07-08.18.15:787][  0]LogConfig: Setting CVar [[s.AsyncLoadingThreadEnabled:0]]
[2021.05.07-08.18.15:787][  0]LogConfig: Setting CVar [[s.EventDrivenLoaderEnabled:1]]
[2021.05.07-08.18.15:787][  0]LogConfig: Setting CVar [[s.WarnIfTimeLimitExceeded:0]]
[2021.05.07-08.18.15:787][  0]LogConfig: Setting CVar [[s.TimeLimitExceededMultiplier:1.5]]
[2021.05.07-08.18.15:787][  0]LogConfig: Setting CVar [[s.TimeLimitExceededMinTime:0.005]]
[2021.05.07-08.18.15:787][  0]LogConfig: Setting CVar [[s.UseBackgroundLevelStreaming:1]]
[2021.05.07-08.18.15:787][  0]LogConfig: Setting CVar [[s.PriorityAsyncLoadingExtraTime:15.0]]
[2021.05.07-08.18.15:787][  0]LogConfig: Setting CVar [[s.LevelStreamingActorsUpdateTimeLimit:5.0]]
[2021.05.07-08.18.15:787][  0]LogConfig: Setting CVar [[s.PriorityLevelStreamingActorsUpdateExtraTime:5.0]]
[2021.05.07-08.18.15:787][  0]LogConfig: Setting CVar [[s.LevelStreamingComponentsRegistrationGranularity:10]]
[2021.05.07-08.18.15:787][  0]LogConfig: Setting CVar [[s.UnregisterComponentsTimeLimit:1.0]]
[2021.05.07-08.18.15:787][  0]LogConfig: Setting CVar [[s.LevelStreamingComponentsUnregistrationGranularity:5]]
[2021.05.07-08.18.15:787][  0]LogConfig: Setting CVar [[s.FlushStreamingOnExit:1]]
[2021.05.07-08.18.15:787][  0]LogConfig: Applying CVar settings from Section [/Script/Engine.GarbageCollectionSettings] File [C:/Users/tim782/Desktop/Castlevania_sotm/Saved/Config/Windows/Engine.ini]
[2021.05.07-08.18.15:788][  0]LogConfig: Setting CVar [[gc.MaxObjectsNotConsideredByGC:1]]
[2021.05.07-08.18.15:788][  0]LogConfig: Setting CVar [[gc.SizeOfPermanentObjectPool:0]]
[2021.05.07-08.18.15:788][  0]LogConfig: Setting CVar [[gc.FlushStreamingOnGC:0]]
[2021.05.07-08.18.15:788][  0]LogConfig: Setting CVar [[gc.NumRetriesBeforeForcingGC:10]]
[2021.05.07-08.18.15:788][  0]LogConfig: Setting CVar [[gc.AllowParallelGC:1]]
[2021.05.07-08.18.15:788][  0]LogConfig: Setting CVar [[gc.TimeBetweenPurgingPendingKillObjects:61.1]]
[2021.05.07-08.18.15:788][  0]LogConfig: Setting CVar [[gc.MaxObjectsInEditor:25165824]]
[2021.05.07-08.18.15:788][  0]LogConfig: Setting CVar [[gc.IncrementalBeginDestroyEnabled:1]]
[2021.05.07-08.18.15:788][  0]LogConfig: Setting CVar [[gc.CreateGCClusters:1]]
[2021.05.07-08.18.15:788][  0]LogConfig: Setting CVar [[gc.MinGCClusterSize:5]]
[2021.05.07-08.18.15:788][  0]LogConfig: Setting CVar [[gc.ActorClusteringEnabled:0]]
[2021.05.07-08.18.15:788][  0]LogConfig: Setting CVar [[gc.BlueprintClusteringEnabled:0]]
[2021.05.07-08.18.15:788][  0]LogConfig: Setting CVar [[gc.UseDisregardForGCOnDedicatedServers:0]]
[2021.05.07-08.18.15:788][  0]LogConfig: Applying CVar settings from Section [/Script/Engine.NetworkSettings] File [C:/Users/tim782/Desktop/Castlevania_sotm/Saved/Config/Windows/Engine.ini]
[2021.05.07-08.18.15:788][  0]LogConfig: Applying CVar settings from Section [/Script/UnrealEd.CookerSettings] File [C:/Users/tim782/Desktop/Castlevania_sotm/Saved/Config/Windows/Engine.ini]
[2021.05.07-08.18.15:828][  0]LogConfig: Applying CVar settings from Section [ViewDistanceQuality@3] File [C:/Users/tim782/Desktop/Castlevania_sotm/Saved/Config/Windows/Scalability.ini]
[2021.05.07-08.18.15:829][  0]LogConfig: Setting CVar [[r.SkeletalMeshLODBias:0]]
[2021.05.07-08.18.15:829][  0]LogConfig: Setting CVar [[r.ViewDistanceScale:1.0]]
[2021.05.07-08.18.15:829][  0]LogConfig: Applying CVar settings from Section [AntiAliasingQuality@3] File [C:/Users/tim782/Desktop/Castlevania_sotm/Saved/Config/Windows/Scalability.ini]
[2021.05.07-08.18.15:829][  0]LogConfig: Setting CVar [[r.PostProcessAAQuality:4]]
[2021.05.07-08.18.15:829][  0]LogConfig: Applying CVar settings from Section [ShadowQuality@3] File [C:/Users/tim782/Desktop/Castlevania_sotm/Saved/Config/Windows/Scalability.ini]
[2021.05.07-08.18.15:829][  0]LogConfig: Setting CVar [[r.LightFunctionQuality:1]]
[2021.05.07-08.18.15:829][  0]LogConfig: Setting CVar [[r.ShadowQuality:5]]
[2021.05.07-08.18.15:829][  0]LogConfig: Setting CVar [[r.Shadow.CSM.MaxCascades:10]]
[2021.05.07-08.18.15:829][  0]LogConfig: Setting CVar [[r.Shadow.MaxResolution:2048]]
[2021.05.07-08.18.15:829][  0]LogConfig: Setting CVar [[r.Shadow.MaxCSMResolution:2048]]
[2021.05.07-08.18.15:829][  0]LogConfig: Setting CVar [[r.Shadow.RadiusThreshold:0.01]]
[2021.05.07-08.18.15:829][  0]LogConfig: Setting CVar [[r.Shadow.DistanceScale:1.0]]
[2021.05.07-08.18.15:830][  0]LogConfig: Setting CVar [[r.Shadow.CSM.TransitionScale:1.0]]
[2021.05.07-08.18.15:830][  0]LogConfig: Setting CVar [[r.Shadow.PreShadowResolutionFactor:1.0]]
[2021.05.07-08.18.15:830][  0]LogConfig: Setting CVar [[r.DistanceFieldShadowing:1]]
[2021.05.07-08.18.15:830][  0]LogConfig: Setting CVar [[r.DistanceFieldAO:1]]
[2021.05.07-08.18.15:830][  0]LogConfig: Setting CVar [[r.AOQuality:2]]
[2021.05.07-08.18.15:830][  0]LogConfig: Setting CVar [[r.VolumetricFog:1]]
[2021.05.07-08.18.15:830][  0]LogConfig: Setting CVar [[r.VolumetricFog.GridPixelSize:8]]
[2021.05.07-08.18.15:830][  0]LogConfig: Setting CVar [[r.VolumetricFog.GridSizeZ:128]]
[2021.05.07-08.18.15:830][  0]LogConfig: Setting CVar [[r.VolumetricFog.HistoryMissSupersampleCount:4]]
[2021.05.07-08.18.15:830][  0]LogConfig: Setting CVar [[r.LightMaxDrawDistanceScale:1]]
[2021.05.07-08.18.15:830][  0]LogConfig: Setting CVar [[r.CapsuleShadows:1]]
[2021.05.07-08.18.15:830][  0]LogConfig: Applying CVar settings from Section [PostProcessQuality@3] File [C:/Users/tim782/Desktop/Castlevania_sotm/Saved/Config/Windows/Scalability.ini]
[2021.05.07-08.18.15:830][  0]LogConfig: Setting CVar [[r.MotionBlurQuality:4]]
[2021.05.07-08.18.15:831][  0]LogConfig: Setting CVar [[r.AmbientOcclusionMipLevelFactor:0.4]]
[2021.05.07-08.18.15:831][  0]LogConfig: Setting CVar [[r.AmbientOcclusionMaxQuality:100]]
[2021.05.07-08.18.15:831][  0]LogConfig: Setting CVar [[r.AmbientOcclusionLevels:-1]]
[2021.05.07-08.18.15:831][  0]LogConfig: Setting CVar [[r.AmbientOcclusionRadiusScale:1.0]]
[2021.05.07-08.18.15:831][  0]LogConfig: Setting CVar [[r.DepthOfFieldQuality:2]]
[2021.05.07-08.18.15:831][  0]LogConfig: Setting CVar [[r.RenderTargetPoolMin:400]]
[2021.05.07-08.18.15:831][  0]LogConfig: Setting CVar [[r.LensFlareQuality:2]]
[2021.05.07-08.18.15:831][  0]LogConfig: Setting CVar [[r.SceneColorFringeQuality:1]]
[2021.05.07-08.18.15:831][  0]LogConfig: Setting CVar [[r.EyeAdaptationQuality:2]]
[2021.05.07-08.18.15:831][  0]LogConfig: Setting CVar [[r.BloomQuality:5]]
[2021.05.07-08.18.15:832][  0]LogConfig: Setting CVar [[r.FastBlurThreshold:100]]
[2021.05.07-08.18.15:832][  0]LogConfig: Setting CVar [[r.Upscale.Quality:3]]
[2021.05.07-08.18.15:832][  0]LogConfig: Setting CVar [[r.Tonemapper.GrainQuantization:1]]
[2021.05.07-08.18.15:832][  0]LogConfig: Setting CVar [[r.LightShaftQuality:1]]
[2021.05.07-08.18.15:832][  0]LogConfig: Setting CVar [[r.Filter.SizeScale:1]]
[2021.05.07-08.18.15:832][  0]LogConfig: Setting CVar [[r.Tonemapper.Quality:5]]
[2021.05.07-08.18.15:832][  0]LogConfig: Setting CVar [[r.DOF.Gather.AccumulatorQuality:1        ; higher gathering accumulator quality]]
[2021.05.07-08.18.15:832][  0]LogConfig: Setting CVar [[r.DOF.Gather.PostfilterMethod:1          ; Median3x3 postfilering method]]
[2021.05.07-08.18.15:832][  0]LogConfig: Setting CVar [[r.DOF.Gather.EnableBokehSettings:0       ; no bokeh simulation when gathering]]
[2021.05.07-08.18.15:832][  0]LogConfig: Setting CVar [[r.DOF.Gather.RingCount:4                 ; medium number of samples when gathering]]
[2021.05.07-08.18.15:832][  0]LogConfig: Setting CVar [[r.DOF.Scatter.ForegroundCompositing:1    ; additive foreground scattering]]
[2021.05.07-08.18.15:832][  0]LogConfig: Setting CVar [[r.DOF.Scatter.BackgroundCompositing:2    ; additive background scattering]]
[2021.05.07-08.18.15:832][  0]LogConfig: Setting CVar [[r.DOF.Scatter.EnableBokehSettings:1      ; bokeh simulation when scattering]]
[2021.05.07-08.18.15:832][  0]LogConfig: Setting CVar [[r.DOF.Scatter.MaxSpriteRatio:0.1         ; only a maximum of 10% of scattered bokeh]]
[2021.05.07-08.18.15:832][  0]LogConfig: Setting CVar [[r.DOF.Recombine.Quality:1                ; cheap slight out of focus]]
[2021.05.07-08.18.15:832][  0]LogConfig: Setting CVar [[r.DOF.Recombine.EnableBokehSettings:0    ; no bokeh simulation on slight out of focus]]
[2021.05.07-08.18.15:832][  0]LogConfig: Setting CVar [[r.DOF.TemporalAAQuality:1                ; more stable temporal accumulation]]
[2021.05.07-08.18.15:833][  0]LogConfig: Setting CVar [[r.DOF.Kernel.MaxForegroundRadius:0.025]]
[2021.05.07-08.18.15:833][  0]LogConfig: Setting CVar [[r.DOF.Kernel.MaxBackgroundRadius:0.025]]
[2021.05.07-08.18.15:833][  0]LogConfig: Applying CVar settings from Section [TextureQuality@3] File [C:/Users/tim782/Desktop/Castlevania_sotm/Saved/Config/Windows/Scalability.ini]
[2021.05.07-08.18.15:833][  0]LogConfig: Setting CVar [[r.Streaming.MipBias:0]]
[2021.05.07-08.18.15:833][  0]LogConfig: Setting CVar [[r.Streaming.AmortizeCPUToGPUCopy:0]]
[2021.05.07-08.18.15:833][  0]LogConfig: Setting CVar [[r.Streaming.MaxNumTexturesToStreamPerFrame:0]]
[2021.05.07-08.18.15:833][  0]LogConfig: Setting CVar [[r.Streaming.Boost:1]]
[2021.05.07-08.18.15:833][  0]LogConfig: Setting CVar [[r.MaxAnisotropy:8]]
[2021.05.07-08.18.15:833][  0]LogConfig: Setting CVar [[r.VT.MaxAnisotropy:8]]
[2021.05.07-08.18.15:833][  0]LogConfig: Setting CVar [[r.Streaming.LimitPoolSizeToVRAM:0]]
[2021.05.07-08.18.15:833][  0]LogConfig: Setting CVar [[r.Streaming.PoolSize:1000]]
[2021.05.07-08.18.15:833][  0]LogConfig: Setting CVar [[r.Streaming.MaxEffectiveScreenSize:0]]
[2021.05.07-08.18.15:833][  0]LogConfig: Applying CVar settings from Section [EffectsQuality@3] File [C:/Users/tim782/Desktop/Castlevania_sotm/Saved/Config/Windows/Scalability.ini]
[2021.05.07-08.18.15:834][  0]LogConfig: Setting CVar [[r.TranslucencyLightingVolumeDim:64]]
[2021.05.07-08.18.15:834][  0]LogConfig: Setting CVar [[r.RefractionQuality:2]]
[2021.05.07-08.18.15:834][  0]LogConfig: Setting CVar [[r.SSR.Quality:3]]
[2021.05.07-08.18.15:834][  0]LogConfig: Setting CVar [[r.SSR.HalfResSceneColor:0]]
[2021.05.07-08.18.15:834][  0]LogConfig: Setting CVar [[r.SceneColorFormat:4]]
[2021.05.07-08.18.15:834][  0]LogConfig: Setting CVar [[r.DetailMode:2]]
[2021.05.07-08.18.15:834][  0]LogConfig: Setting CVar [[r.TranslucencyVolumeBlur:1]]
[2021.05.07-08.18.15:834][  0]LogConfig: Setting CVar [[r.MaterialQualityLevel:1 ; High quality]]
[2021.05.07-08.18.15:834][  0]LogConfig: Setting CVar [[r.SSS.Scale:1]]
[2021.05.07-08.18.15:834][  0]LogConfig: Setting CVar [[r.SSS.SampleSet:2]]
[2021.05.07-08.18.15:834][  0]LogConfig: Setting CVar [[r.SSS.Quality:1]]
[2021.05.07-08.18.15:834][  0]LogConfig: Setting CVar [[r.SSS.HalfRes:0]]
[2021.05.07-08.18.15:834][  0]LogConfig: Setting CVar [[r.SSGI.Quality:3]]
[2021.05.07-08.18.15:834][  0]LogConfig: Setting CVar [[r.EmitterSpawnRateScale:1.0]]
[2021.05.07-08.18.15:834][  0]LogConfig: Setting CVar [[r.ParticleLightQuality:2]]
[2021.05.07-08.18.15:834][  0]LogConfig: Setting CVar [[r.SkyAtmosphere.AerialPerspectiveLUT.FastApplyOnOpaque:1 ; Always have FastSkyLUT 1 in this case to avoid wrong sky]]
[2021.05.07-08.18.15:834][  0]LogConfig: Setting CVar [[r.SkyAtmosphere.AerialPerspectiveLUT.SampleCountPerSlice:1]]
[2021.05.07-08.18.15:835][  0]LogConfig: Setting CVar [[r.SkyAtmosphere.AerialPerspectiveLUT.DepthResolution:16.0]]
[2021.05.07-08.18.15:835][  0]LogConfig: Setting CVar [[r.SkyAtmosphere.FastSkyLUT:1]]
[2021.05.07-08.18.15:835][  0]LogConfig: Setting CVar [[r.SkyAtmosphere.FastSkyLUT.SampleCountMin:4.0]]
[2021.05.07-08.18.15:835][  0]LogConfig: Setting CVar [[r.SkyAtmosphere.FastSkyLUT.SampleCountMax:32.0]]
[2021.05.07-08.18.15:835][  0]LogConfig: Setting CVar [[r.SkyAtmosphere.SampleCountMin:4.0]]
[2021.05.07-08.18.15:835][  0]LogConfig: Setting CVar [[r.SkyAtmosphere.SampleCountMax:32.0]]
[2021.05.07-08.18.15:835][  0]LogConfig: Setting CVar [[r.SkyAtmosphere.TransmittanceLUT.UseSmallFormat:0]]
[2021.05.07-08.18.15:835][  0]LogConfig: Setting CVar [[r.SkyAtmosphere.TransmittanceLUT.SampleCount:10.0]]
[2021.05.07-08.18.15:835][  0]LogConfig: Setting CVar [[r.SkyAtmosphere.MultiScatteringLUT.SampleCount:15.0]]
[2021.05.07-08.18.15:835][  0]LogConfig: Applying CVar settings from Section [FoliageQuality@3] File [C:/Users/tim782/Desktop/Castlevania_sotm/Saved/Config/Windows/Scalability.ini]
[2021.05.07-08.18.15:835][  0]LogConfig: Setting CVar [[foliage.DensityScale:1.0]]
[2021.05.07-08.18.15:835][  0]LogConfig: Setting CVar [[grass.DensityScale:1.0]]
[2021.05.07-08.18.15:835][  0]LogConfig: Applying CVar settings from Section [ShadingQuality@3] File [C:/Users/tim782/Desktop/Castlevania_sotm/Saved/Config/Windows/Scalability.ini]
[2021.05.07-08.18.15:836][  0]LogConfig: Setting CVar [[r.HairStrands.SkyLighting.SampleCount:16]]
[2021.05.07-08.18.15:836][  0]LogConfig: Setting CVar [[r.HairStrands.SkyLighting.JitterIntegration:0]]
[2021.05.07-08.18.15:836][  0]LogConfig: Setting CVar [[r.HairStrands.SkyAO.SampleCount:16]]
[2021.05.07-08.18.15:836][  0]LogConfig: Setting CVar [[r.HairStrands.DeepShadow.SuperSampling:0]]
[2021.05.07-08.18.15:836][  0]LogConfig: Setting CVar [[r.HairStrands.VisibilityPPLL:0]]
[2021.05.07-08.18.15:836][  0]LogConfig: Setting CVar [[r.HairStrands.RasterizationScale:0.5]]
[2021.05.07-08.18.15:836][  0]LogConfig: Setting CVar [[r.HairStrands.VelocityRasterizationScale:1]]
[2021.05.07-08.18.15:836][  0]LogInit: Selected Device Profile: [Windows]
[2021.05.07-08.18.15:836][  0]LogInit: Applying CVar settings loaded from the selected device profile: [Windows]
[2021.05.07-08.18.15:836][  0]LogHAL: Display: Platform has ~ 20 GB [21430620160 / 34359738368 / 20], which maps to Larger [LargestMinGB=32, LargerMinGB=12, DefaultMinGB=8, SmallerMinGB=6, SmallestMinGB=0)
[2021.05.07-08.18.15:836][  0]LogInit: Going up to parent DeviceProfile []
[2021.05.07-08.18.15:837][  0]LogConfig: Applying CVar settings from Section [ViewDistanceQuality@3] File [C:/Users/tim782/Desktop/Castlevania_sotm/Saved/Config/Windows/Scalability.ini]
[2021.05.07-08.18.15:837][  0]LogConfig: Setting CVar [[r.SkeletalMeshLODBias:0]]
[2021.05.07-08.18.15:837][  0]LogConfig: Setting CVar [[r.ViewDistanceScale:1.0]]
[2021.05.07-08.18.15:837][  0]LogConfig: Applying CVar settings from Section [AntiAliasingQuality@3] File [C:/Users/tim782/Desktop/Castlevania_sotm/Saved/Config/Windows/Scalability.ini]
[2021.05.07-08.18.15:837][  0]LogConfig: Setting CVar [[r.PostProcessAAQuality:4]]
[2021.05.07-08.18.15:837][  0]LogConfig: Applying CVar settings from Section [ShadowQuality@3] File [C:/Users/tim782/Desktop/Castlevania_sotm/Saved/Config/Windows/Scalability.ini]
[2021.05.07-08.18.15:837][  0]LogConfig: Setting CVar [[r.LightFunctionQuality:1]]
[2021.05.07-08.18.15:837][  0]LogConfig: Setting CVar [[r.ShadowQuality:5]]
[2021.05.07-08.18.15:837][  0]LogConfig: Setting CVar [[r.Shadow.CSM.MaxCascades:10]]
[2021.05.07-08.18.15:837][  0]LogConfig: Setting CVar [[r.Shadow.MaxResolution:2048]]
[2021.05.07-08.18.15:837][  0]LogConfig: Setting CVar [[r.Shadow.MaxCSMResolution:2048]]
[2021.05.07-08.18.15:838][  0]LogConfig: Setting CVar [[r.Shadow.RadiusThreshold:0.01]]
[2021.05.07-08.18.15:838][  0]LogConfig: Setting CVar [[r.Shadow.DistanceScale:1.0]]
[2021.05.07-08.18.15:838][  0]LogConfig: Setting CVar [[r.Shadow.CSM.TransitionScale:1.0]]
[2021.05.07-08.18.15:838][  0]LogConfig: Setting CVar [[r.Shadow.PreShadowResolutionFactor:1.0]]
[2021.05.07-08.18.15:838][  0]LogConfig: Setting CVar [[r.DistanceFieldShadowing:1]]
[2021.05.07-08.18.15:838][  0]LogConfig: Setting CVar [[r.DistanceFieldAO:1]]
[2021.05.07-08.18.15:838][  0]LogConfig: Setting CVar [[r.AOQuality:2]]
[2021.05.07-08.18.15:838][  0]LogConfig: Setting CVar [[r.VolumetricFog:1]]
[2021.05.07-08.18.15:838][  0]LogConfig: Setting CVar [[r.VolumetricFog.GridPixelSize:8]]
[2021.05.07-08.18.15:838][  0]LogConfig: Setting CVar [[r.VolumetricFog.GridSizeZ:128]]
[2021.05.07-08.18.15:838][  0]LogConfig: Setting CVar [[r.VolumetricFog.HistoryMissSupersampleCount:4]]
[2021.05.07-08.18.15:838][  0]LogConfig: Setting CVar [[r.LightMaxDrawDistanceScale:1]]
[2021.05.07-08.18.15:838][  0]LogConfig: Setting CVar [[r.CapsuleShadows:1]]
[2021.05.07-08.18.15:838][  0]LogConfig: Applying CVar settings from Section [PostProcessQuality@3] File [C:/Users/tim782/Desktop/Castlevania_sotm/Saved/Config/Windows/Scalability.ini]
[2021.05.07-08.18.15:839][  0]LogConfig: Setting CVar [[r.MotionBlurQuality:4]]
[2021.05.07-08.18.15:839][  0]LogConfig: Setting CVar [[r.AmbientOcclusionMipLevelFactor:0.4]]
[2021.05.07-08.18.15:839][  0]LogConfig: Setting CVar [[r.AmbientOcclusionMaxQuality:100]]
[2021.05.07-08.18.15:839][  0]LogConfig: Setting CVar [[r.AmbientOcclusionLevels:-1]]
[2021.05.07-08.18.15:839][  0]LogConfig: Setting CVar [[r.AmbientOcclusionRadiusScale:1.0]]
[2021.05.07-08.18.15:839][  0]LogConfig: Setting CVar [[r.DepthOfFieldQuality:2]]
[2021.05.07-08.18.15:839][  0]LogConfig: Setting CVar [[r.RenderTargetPoolMin:400]]
[2021.05.07-08.18.15:839][  0]LogConfig: Setting CVar [[r.LensFlareQuality:2]]
[2021.05.07-08.18.15:839][  0]LogConfig: Setting CVar [[r.SceneColorFringeQuality:1]]
[2021.05.07-08.18.15:839][  0]LogConfig: Setting CVar [[r.EyeAdaptationQuality:2]]
[2021.05.07-08.18.15:839][  0]LogConfig: Setting CVar [[r.BloomQuality:5]]
[2021.05.07-08.18.15:839][  0]LogConfig: Setting CVar [[r.FastBlurThreshold:100]]
[2021.05.07-08.18.15:839][  0]LogConfig: Setting CVar [[r.Upscale.Quality:3]]
[2021.05.07-08.18.15:839][  0]LogConfig: Setting CVar [[r.Tonemapper.GrainQuantization:1]]
[2021.05.07-08.18.15:839][  0]LogConfig: Setting CVar [[r.LightShaftQuality:1]]
[2021.05.07-08.18.15:839][  0]LogConfig: Setting CVar [[r.Filter.SizeScale:1]]
[2021.05.07-08.18.15:840][  0]LogConfig: Setting CVar [[r.Tonemapper.Quality:5]]
[2021.05.07-08.18.15:840][  0]LogConfig: Setting CVar [[r.DOF.Gather.AccumulatorQuality:1        ; higher gathering accumulator quality]]
[2021.05.07-08.18.15:840][  0]LogConfig: Setting CVar [[r.DOF.Gather.PostfilterMethod:1          ; Median3x3 postfilering method]]
[2021.05.07-08.18.15:840][  0]LogConfig: Setting CVar [[r.DOF.Gather.EnableBokehSettings:0       ; no bokeh simulation when gathering]]
[2021.05.07-08.18.15:840][  0]LogConfig: Setting CVar [[r.DOF.Gather.RingCount:4                 ; medium number of samples when gathering]]
[2021.05.07-08.18.15:840][  0]LogConfig: Setting CVar [[r.DOF.Scatter.ForegroundCompositing:1    ; additive foreground scattering]]
[2021.05.07-08.18.15:840][  0]LogConfig: Setting CVar [[r.DOF.Scatter.BackgroundCompositing:2    ; additive background scattering]]
[2021.05.07-08.18.15:840][  0]LogConfig: Setting CVar [[r.DOF.Scatter.EnableBokehSettings:1      ; bokeh simulation when scattering]]
[2021.05.07-08.18.15:840][  0]LogConfig: Setting CVar [[r.DOF.Scatter.MaxSpriteRatio:0.1         ; only a maximum of 10% of scattered bokeh]]
[2021.05.07-08.18.15:840][  0]LogConfig: Setting CVar [[r.DOF.Recombine.Quality:1                ; cheap slight out of focus]]
[2021.05.07-08.18.15:840][  0]LogConfig: Setting CVar [[r.DOF.Recombine.EnableBokehSettings:0    ; no bokeh simulation on slight out of focus]]
[2021.05.07-08.18.15:840][  0]LogConfig: Setting CVar [[r.DOF.TemporalAAQuality:1                ; more stable temporal accumulation]]
[2021.05.07-08.18.15:840][  0]LogConfig: Setting CVar [[r.DOF.Kernel.MaxForegroundRadius:0.025]]
[2021.05.07-08.18.15:840][  0]LogConfig: Setting CVar [[r.DOF.Kernel.MaxBackgroundRadius:0.025]]
[2021.05.07-08.18.15:841][  0]LogConfig: Applying CVar settings from Section [TextureQuality@3] File [C:/Users/tim782/Desktop/Castlevania_sotm/Saved/Config/Windows/Scalability.ini]
[2021.05.07-08.18.15:841][  0]LogConfig: Setting CVar [[r.Streaming.MipBias:0]]
[2021.05.07-08.18.15:841][  0]LogConfig: Setting CVar [[r.Streaming.AmortizeCPUToGPUCopy:0]]
[2021.05.07-08.18.15:841][  0]LogConfig: Setting CVar [[r.Streaming.MaxNumTexturesToStreamPerFrame:0]]
[2021.05.07-08.18.15:841][  0]LogConfig: Setting CVar [[r.Streaming.Boost:1]]
[2021.05.07-08.18.15:841][  0]LogConfig: Setting CVar [[r.MaxAnisotropy:8]]
[2021.05.07-08.18.15:841][  0]LogConfig: Setting CVar [[r.VT.MaxAnisotropy:8]]
[2021.05.07-08.18.15:841][  0]LogConfig: Setting CVar [[r.Streaming.LimitPoolSizeToVRAM:0]]
[2021.05.07-08.18.15:841][  0]LogConfig: Setting CVar [[r.Streaming.PoolSize:1000]]
[2021.05.07-08.18.15:841][  0]LogConfig: Setting CVar [[r.Streaming.MaxEffectiveScreenSize:0]]
[2021.05.07-08.18.15:841][  0]LogConfig: Applying CVar settings from Section [EffectsQuality@3] File [C:/Users/tim782/Desktop/Castlevania_sotm/Saved/Config/Windows/Scalability.ini]
[2021.05.07-08.18.15:841][  0]LogConfig: Setting CVar [[r.TranslucencyLightingVolumeDim:64]]
[2021.05.07-08.18.15:841][  0]LogConfig: Setting CVar [[r.RefractionQuality:2]]
[2021.05.07-08.18.15:841][  0]LogConfig: Setting CVar [[r.SSR.Quality:3]]
[2021.05.07-08.18.15:842][  0]LogConfig: Setting CVar [[r.SSR.HalfResSceneColor:0]]
[2021.05.07-08.18.15:842][  0]LogConfig: Setting CVar [[r.SceneColorFormat:4]]
[2021.05.07-08.18.15:842][  0]LogConfig: Setting CVar [[r.DetailMode:2]]
[2021.05.07-08.18.15:842][  0]LogConfig: Setting CVar [[r.TranslucencyVolumeBlur:1]]
[2021.05.07-08.18.15:842][  0]LogConfig: Setting CVar [[r.MaterialQualityLevel:1 ; High quality]]
[2021.05.07-08.18.15:842][  0]LogConfig: Setting CVar [[r.SSS.Scale:1]]
[2021.05.07-08.18.15:842][  0]LogConfig: Setting CVar [[r.SSS.SampleSet:2]]
[2021.05.07-08.18.15:842][  0]LogConfig: Setting CVar [[r.SSS.Quality:1]]
[2021.05.07-08.18.15:842][  0]LogConfig: Setting CVar [[r.SSS.HalfRes:0]]
[2021.05.07-08.18.15:842][  0]LogConfig: Setting CVar [[r.SSGI.Quality:3]]
[2021.05.07-08.18.15:842][  0]LogConfig: Setting CVar [[r.EmitterSpawnRateScale:1.0]]
[2021.05.07-08.18.15:842][  0]LogConfig: Setting CVar [[r.ParticleLightQuality:2]]
[2021.05.07-08.18.15:842][  0]LogConfig: Setting CVar [[r.SkyAtmosphere.AerialPerspectiveLUT.FastApplyOnOpaque:1 ; Always have FastSkyLUT 1 in this case to avoid wrong sky]]
[2021.05.07-08.18.15:842][  0]LogConfig: Setting CVar [[r.SkyAtmosphere.AerialPerspectiveLUT.SampleCountPerSlice:1]]
[2021.05.07-08.18.15:842][  0]LogConfig: Setting CVar [[r.SkyAtmosphere.AerialPerspectiveLUT.DepthResolution:16.0]]
[2021.05.07-08.18.15:842][  0]LogConfig: Setting CVar [[r.SkyAtmosphere.FastSkyLUT:1]]
[2021.05.07-08.18.15:842][  0]LogConfig: Setting CVar [[r.SkyAtmosphere.FastSkyLUT.SampleCountMin:4.0]]
[2021.05.07-08.18.15:842][  0]LogConfig: Setting CVar [[r.SkyAtmosphere.FastSkyLUT.SampleCountMax:32.0]]
[2021.05.07-08.18.15:843][  0]LogConfig: Setting CVar [[r.SkyAtmosphere.SampleCountMin:4.0]]
[2021.05.07-08.18.15:843][  0]LogConfig: Setting CVar [[r.SkyAtmosphere.SampleCountMax:32.0]]
[2021.05.07-08.18.15:843][  0]LogConfig: Setting CVar [[r.SkyAtmosphere.TransmittanceLUT.UseSmallFormat:0]]
[2021.05.07-08.18.15:843][  0]LogConfig: Setting CVar [[r.SkyAtmosphere.TransmittanceLUT.SampleCount:10.0]]
[2021.05.07-08.18.15:843][  0]LogConfig: Setting CVar [[r.SkyAtmosphere.MultiScatteringLUT.SampleCount:15.0]]
[2021.05.07-08.18.15:843][  0]LogConfig: Applying CVar settings from Section [FoliageQuality@3] File [C:/Users/tim782/Desktop/Castlevania_sotm/Saved/Config/Windows/Scalability.ini]
[2021.05.07-08.18.15:843][  0]LogConfig: Setting CVar [[foliage.DensityScale:1.0]]
[2021.05.07-08.18.15:843][  0]LogConfig: Setting CVar [[grass.DensityScale:1.0]]
[2021.05.07-08.18.15:843][  0]LogConfig: Applying CVar settings from Section [ShadingQuality@3] File [C:/Users/tim782/Desktop/Castlevania_sotm/Saved/Config/Windows/Scalability.ini]
[2021.05.07-08.18.15:843][  0]LogConfig: Setting CVar [[r.HairStrands.SkyLighting.SampleCount:16]]
[2021.05.07-08.18.15:843][  0]LogConfig: Setting CVar [[r.HairStrands.SkyLighting.JitterIntegration:0]]
[2021.05.07-08.18.15:843][  0]LogConfig: Setting CVar [[r.HairStrands.SkyAO.SampleCount:16]]
[2021.05.07-08.18.15:843][  0]LogConfig: Setting CVar [[r.HairStrands.DeepShadow.SuperSampling:0]]
[2021.05.07-08.18.15:843][  0]LogConfig: Setting CVar [[r.HairStrands.VisibilityPPLL:0]]
[2021.05.07-08.18.15:843][  0]LogConfig: Setting CVar [[r.HairStrands.RasterizationScale:0.5]]
[2021.05.07-08.18.15:844][  0]LogConfig: Setting CVar [[r.HairStrands.VelocityRasterizationScale:1]]
[2021.05.07-08.18.15:844][  0]LogConfig: Applying CVar settings from Section [Startup] File [../../../Engine/Config/ConsoleVariables.ini]
[2021.05.07-08.18.15:869][  0]LogConfig: Setting CVar [[net.UseAdaptiveNetUpdateFrequency:0]]
[2021.05.07-08.18.15:870][  0]LogConfig: Setting CVar [[p.chaos.AllowCreatePhysxBodies:1]]
[2021.05.07-08.18.15:870][  0]LogConfig: Setting CVar [[fx.SkipVectorVMBackendOptimizations:1]]
[2021.05.07-08.18.15:870][  0]LogConfig: Applying CVar settings from Section [ConsoleVariables] File [C:/Users/tim782/Desktop/Castlevania_sotm/Saved/Config/Windows/Engine.ini]
[2021.05.07-08.18.15:870][  0]LogInit: Computer: DESKTOP-38FH8H9
[2021.05.07-08.18.15:870][  0]LogInit: User: tim782
[2021.05.07-08.18.15:870][  0]LogInit: CPU Page size=4096, Cores=4
[2021.05.07-08.18.15:870][  0]LogInit: High frequency timer resolution =10.000000 MHz
[2021.05.07-08.18.15:871][  0]LogMemory: Memory total: Physical=20.0GB (20GB approx)
[2021.05.07-08.18.15:871][  0]LogMemory: Platform Memory Stats for Windows
[2021.05.07-08.18.15:871][  0]LogMemory: Process Physical Memory: 115.92 MB used, 115.93 MB peak
[2021.05.07-08.18.15:871][  0]LogMemory: Process Virtual Memory: 112.27 MB used, 112.27 MB peak
[2021.05.07-08.18.15:871][  0]LogMemory: Physical Memory: 6383.20 MB used,  14054.63 MB free, 20437.83 MB total
[2021.05.07-08.18.15:871][  0]LogMemory: Virtual Memory: 5161.12 MB used,  134212568.00 MB free, 134217728.00 MB total
[2021.05.07-08.18.15:900][  0]LogWindows: WindowsPlatformFeatures enabled
[2021.05.07-08.18.17:300][  0]LogInit: Physics initialised using underlying interface: PhysX
[2021.05.07-08.18.17:306][  0]LogInit: Using OS detected language (en-GB).
[2021.05.07-08.18.17:306][  0]LogInit: Using OS detected locale (en-GB).
[2021.05.07-08.18.17:341][  0]LogTextLocalizationManager: No specific localization for 'en-GB' exists, so the 'en' localization will be used.
[2021.05.07-08.18.19:064][  0]LogInit: Setting process to per monitor DPI aware
[2021.05.07-08.18.19:652][  0]LogSlate: New Slate User Created.  User Index 0, Is Virtual User: 0
[2021.05.07-08.18.19:652][  0]LogSlate: Slate User Registered.  User Index 0, Is Virtual User: 0
[2021.05.07-08.18.38:559][  0]LogHMD: Failed to initialize OpenVR with code 110
[2021.05.07-08.18.38:559][  0]LogD3D11RHI: D3D11 min allowed feature level: 11_0
[2021.05.07-08.18.38:559][  0]LogD3D11RHI: D3D11 max allowed feature level: 11_0
[2021.05.07-08.18.38:559][  0]LogD3D11RHI: D3D11 adapters:
[2021.05.07-08.18.38:805][  0]LogD3D11RHI:    0. 'AMD Radeon R9 200 Series' (Feature Level 11_0)
[2021.05.07-08.18.38:806][  0]LogD3D11RHI:       3052/0/10218 MB DedicatedVideo/DedicatedSystem/SharedSystem, Outputs:2, VendorId:0x1002
[2021.05.07-08.18.38:812][  0]LogD3D11RHI:    1. 'Microsoft Basic Render Driver' (Feature Level 11_0)
[2021.05.07-08.18.38:812][  0]LogD3D11RHI:       0/0/10218 MB DedicatedVideo/DedicatedSystem/SharedSystem, Outputs:0, VendorId:0x1414
[2021.05.07-08.18.38:812][  0]LogD3D11RHI: Chosen D3D11 Adapter: 0
[2021.05.07-08.18.38:848][  0]LogD3D11RHI: Creating new Direct3DDevice
[2021.05.07-08.18.38:848][  0]LogD3D11RHI:     GPU DeviceId: 0x6798 (for the marketing name, search the web for "GPU Device Id")
[2021.05.07-08.18.38:848][  0]LogWindows: EnumDisplayDevices:
[2021.05.07-08.18.38:849][  0]LogWindows:    0. 'AMD Radeon R9 200 Series' (P:1 D:1)
[2021.05.07-08.18.38:850][  0]LogWindows:    1. 'AMD Radeon R9 200 Series' (P:0 D:1)
[2021.05.07-08.18.38:852][  0]LogWindows:    2. 'AMD Radeon R9 200 Series' (P:0 D:0)
[2021.05.07-08.18.38:853][  0]LogWindows:    3. 'AMD Radeon R9 200 Series' (P:0 D:0)
[2021.05.07-08.18.38:855][  0]LogWindows:    4. 'AMD Radeon R9 200 Series' (P:0 D:0)
[2021.05.07-08.18.38:856][  0]LogWindows:    5. 'AMD Radeon R9 200 Series' (P:0 D:0)
[2021.05.07-08.18.38:858][  0]LogWindows:    6. 'AMD Radeon R9 200 Series' (P:0 D:0)
[2021.05.07-08.18.38:859][  0]LogWindows:    7. 'AMD Radeon R9 200 Series' (P:0 D:0)
[2021.05.07-08.18.38:861][  0]LogWindows: DebugString: FoundDriverCount:8 
[2021.05.07-08.18.38:861][  0]LogD3D11RHI:     Adapter Name: AMD Radeon R9 200 Series
[2021.05.07-08.18.38:861][  0]LogD3D11RHI:   Driver Version: Adrenalin 19.20 (internal:26.20.12028.2, unified:26.20.12028.2)
[2021.05.07-08.18.38:861][  0]LogD3D11RHI:      Driver Date: 8-16-2019
[2021.05.07-08.18.38:861][  0]LogRHI: Texture pool is 1816 MB (70% of 2594 MB)
[2021.05.07-08.18.38:978][  0]LogD3D11RHI: RHI does not have support for 64 bit atomics
[2021.05.07-08.18.38:978][  0]LogD3D11RHI: Async texture creation enabled
[2021.05.07-08.18.38:978][  0]LogD3D11RHI: Array index from any shader is supported
[2021.05.07-08.18.39:006][  0]LogD3D11RHI: GPU Timing Frequency: 27.000000 (Debug: 2 1)
[2021.05.07-08.18.40:348][  0]LogTargetPlatformManager: Display: Loaded TargetPlatform 'AllDesktop'
[2021.05.07-08.18.40:445][  0]LogTargetPlatformManager: Display: Loaded TargetPlatform 'Android'
[2021.05.07-08.18.40:446][  0]LogTargetPlatformManager: Display: Loaded TargetPlatform 'Android_ASTC'
[2021.05.07-08.18.40:446][  0]LogTargetPlatformManager: Display: Loaded TargetPlatform 'Android_DXT'
[2021.05.07-08.18.40:446][  0]LogTargetPlatformManager: Display: Loaded TargetPlatform 'Android_ETC2'
[2021.05.07-08.18.40:446][  0]LogTargetPlatformManager: Display: Loaded TargetPlatform 'AndroidClient'
[2021.05.07-08.18.40:446][  0]LogTargetPlatformManager: Display: Loaded TargetPlatform 'Android_ASTCClient'
[2021.05.07-08.18.40:446][  0]LogTargetPlatformManager: Display: Loaded TargetPlatform 'Android_DXTClient'
[2021.05.07-08.18.40:446][  0]LogTargetPlatformManager: Display: Loaded TargetPlatform 'Android_ETC2Client'
[2021.05.07-08.18.40:446][  0]LogTargetPlatformManager: Display: Loaded TargetPlatform 'Android_Multi'
[2021.05.07-08.18.40:446][  0]LogTargetPlatformManager: Display: Loaded TargetPlatform 'Android_MultiClient'
[2021.05.07-08.18.40:606][  0]LogTargetPlatformManager: Display: Loaded TargetPlatform 'IOSClient'
[2021.05.07-08.18.40:606][  0]LogTargetPlatformManager: Display: Loaded TargetPlatform 'IOS'
[2021.05.07-08.18.40:676][  0]LogTargetPlatformManager: Display: Loaded TargetPlatform 'Linux'
[2021.05.07-08.18.40:721][  0]LogTargetPlatformManager: Display: Loaded TargetPlatform 'LinuxNoEditor'
[2021.05.07-08.18.40:765][  0]LogTargetPlatformManager: Display: Loaded TargetPlatform 'LinuxClient'
[2021.05.07-08.18.40:809][  0]LogTargetPlatformManager: Display: Loaded TargetPlatform 'LinuxServer'
[2021.05.07-08.18.40:854][  0]LogTargetPlatformManager: Display: Loaded TargetPlatform 'LinuxAArch64NoEditor'
[2021.05.07-08.18.40:899][  0]LogTargetPlatformManager: Display: Loaded TargetPlatform 'LinuxAArch64Client'
[2021.05.07-08.18.40:945][  0]LogTargetPlatformManager: Display: Loaded TargetPlatform 'LinuxAArch64Server'
[2021.05.07-08.18.41:084][  0]LogTargetPlatformManager: Display: Loaded TargetPlatform 'Lumin'
[2021.05.07-08.18.41:085][  0]LogTargetPlatformManager: Display: Loaded TargetPlatform 'LuminClient'
[2021.05.07-08.18.41:189][  0]LogTargetPlatformManager: Display: Loaded TargetPlatform 'TVOSClient'
[2021.05.07-08.18.41:190][  0]LogTargetPlatformManager: Display: Loaded TargetPlatform 'TVOS'
[2021.05.07-08.18.41:234][  0]LogTargetPlatformManager: Display: Loaded TargetPlatform 'WindowsNoEditor'
[2021.05.07-08.18.41:282][  0]LogTargetPlatformManager: Display: Loaded TargetPlatform 'Windows'
[2021.05.07-08.18.41:326][  0]LogTargetPlatformManager: Display: Loaded TargetPlatform 'WindowsClient'
[2021.05.07-08.18.41:380][  0]LogTargetPlatformManager: Display: Loaded TargetPlatform 'WindowsServer'
[2021.05.07-08.18.41:380][  0]LogTargetPlatformManager: Display: Building Assets For Windows
[2021.05.07-08.18.41:606][  0]LogAudioDebug: Display: Lib vorbis DLL was dynamically loaded.
[2021.05.07-08.18.42:233][  0]LogShaderCompilers: Guid format shader working directory is -8 characters bigger than the processId version (../../../../../../Users/tim782/Desktop/Castlevania_sotm/Intermediate/Shaders/WorkingDirectory/6060/).
[2021.05.07-08.18.42:233][  0]LogShaderCompilers: Cleaned the shader compiler working directory 'C:/Users/tim782/AppData/Local/Temp/UnrealShaderWorkingDir/F7B84B3C48148BD5569F928DAF1A8917/'.
[2021.05.07-08.18.42:235][  0]LogXGEController: Cleaning working directory: C:/Users/tim782/AppData/Local/Temp/UnrealXGEWorkingDir/
[2021.05.07-08.18.42:236][  0]LogXGEController: Cannot use XGE Controller as Incredibuild is not installed on this machine.
[2021.05.07-08.18.42:236][  0]LogShaderCompilers: Cannot use XGE Shader Compiler as Incredibuild is not installed on this machine.
[2021.05.07-08.18.42:236][  0]LogShaderCompilers: Display: Using Local Shader Compiler.
[2021.05.07-08.18.58:070][  0]LogDerivedDataCache: Display: Max Cache Size: 512 MB
[2021.05.07-08.18.59:239][  0]LogDerivedDataCache: Loaded boot cache 1.17s 76MB C:/Users/tim782/AppData/Local/UnrealEngine/4.25/DerivedDataCache/Boot.ddc.
[2021.05.07-08.18.59:240][  0]LogDerivedDataCache: Display: Loaded Boot cache: C:/Users/tim782/AppData/Local/UnrealEngine/4.25/DerivedDataCache/Boot.ddc
[2021.05.07-08.18.59:240][  0]LogDerivedDataCache: FDerivedDataBackendGraph:  Pak pak cache file ../../../../../../Users/tim782/Desktop/Castlevania_sotm/DerivedDataCache/DDC.ddp not found, will not use a pak cache.
[2021.05.07-08.18.59:240][  0]LogDerivedDataCache: Unable to find inner node Pak for hierarchical cache Hierarchy.
[2021.05.07-08.18.59:240][  0]LogDerivedDataCache: FDerivedDataBackendGraph:  CompressedPak pak cache file ../../../../../../Users/tim782/Desktop/Castlevania_sotm/DerivedDataCache/Compressed.ddp not found, will not use a pak cache.
[2021.05.07-08.18.59:240][  0]LogDerivedDataCache: Unable to find inner node CompressedPak for hierarchical cache Hierarchy.
[2021.05.07-08.18.59:330][  0]LogDerivedDataCache: Display: Pak cache opened for reading ../../../Engine/DerivedDataCache/Compressed.ddp.
[2021.05.07-08.18.59:331][  0]LogDerivedDataCache: FDerivedDataBackendGraph:  EnterprisePak pak cache file ../../../Enterprise/DerivedDataCache/Compressed.ddp not found, will not use a pak cache.
[2021.05.07-08.18.59:331][  0]LogDerivedDataCache: Unable to find inner node EnterprisePak for hierarchical cache Hierarchy.
[2021.05.07-08.18.59:335][  0]LogDerivedDataCache: Using Local data cache path C:/Users/tim782/AppData/Local/UnrealEngine/Common/DerivedDataCache: Writable
[2021.05.07-08.18.59:336][  0]LogDerivedDataCache: Shared data cache path not found in *engine.ini, will not use an Shared cache.
[2021.05.07-08.18.59:336][  0]LogDerivedDataCache: Unable to find inner node Shared for hierarchical cache Hierarchy.
[2021.05.07-08.18.59:552][  0]LogSlate: Using FreeType 2.10.0
[2021.05.07-08.18.59:629][  0]LogSlate: SlateFontServices - WITH_FREETYPE: 1, WITH_HARFBUZZ: 1
[2021.05.07-08.19.00:785][  0]LogAssetRegistry: FAssetRegistry took 0.0206 seconds to start up
[2021.05.07-08.19.01:878][  0]LogInit: Selected Device Profile: [Windows]
[2021.05.07-08.19.03:385][  0]LogMeshReduction: Using QuadricMeshReduction for automatic static mesh reduction
[2021.05.07-08.19.03:385][  0]LogMeshReduction: Using SimplygonMeshReduction for automatic skeletal mesh reduction
[2021.05.07-08.19.03:385][  0]LogMeshReduction: Using ProxyLODMeshReduction for automatic mesh merging
[2021.05.07-08.19.03:385][  0]LogMeshReduction: No distributed automatic mesh merging module available
[2021.05.07-08.19.03:385][  0]LogMeshMerging: No distributed automatic mesh merging module available
[2021.05.07-08.19.03:789][  0]LogNetVersion: Journeyman_CSOM 1.0.0, NetCL: 13144385, EngineNetVer: 14, GameNetVer: 0 (Checksum: 4292092786)
[2021.05.07-08.19.32:619][  0]LogAISub: UAISubsystem::UAISubsystem AISubsystem (000001654CC32980), frame # 0
[2021.05.07-08.19.32:619][  0]LogAISub: UAISubsystem::UAISubsystem AIPerceptionSystem (000001654DACAAC0), frame # 0
[2021.05.07-08.19.32:624][  0]LogAISub: UAISubsystem::UAISubsystem EnvQueryManager (000001654DB0DE00), frame # 0
[2021.05.07-08.19.32:928][  0]LogPackageLocalizationCache: Processed 19 localized package path(s) for 1 prioritized culture(s) in 0.191736 seconds
[2021.05.07-08.19.32:945][  0]LogUObjectArray: 15917 objects as part of root set at end of initial load.
[2021.05.07-08.19.32:945][  0]LogUObjectAllocator: 3965568 out of 0 bytes used by permanent object pool.
[2021.05.07-08.19.32:945][  0]LogUObjectArray: CloseDisregardForGC: 0/0 objects in disregard for GC pool
[2021.05.07-08.19.36:917][  0]LogTcpMessaging: Initializing TcpMessaging bridge
[2021.05.07-08.19.36:937][  0]LogUdpMessaging: Initializing bridge on interface 0.0.0.0:0 to multicast group 230.0.0.1:6666.
[2021.05.07-08.19.37:498][  0]LogLinker: Warning: Failed to load '/Game/SideScrollerBP/SideScrollerOverview': Can't find file.
[2021.05.07-08.19.37:498][  0]LogLinker: Warning: Failed to load '/Game/SideScrollerBP/SideScrollerOverview': Can't find file.
[2021.05.07-08.19.37:499][  0]LogUObjectGlobals: Warning: Failed to find object 'Class /Game/SideScrollerBP/SideScrollerOverview.SideScrollerOverview_C'
[2021.05.07-08.19.37:652][  0]SourceControl: Source control is disabled
[2021.05.07-08.19.41:110][  0]LogAndroidPermission: UAndroidPermissionCallbackProxy::GetInstance
[2021.05.07-08.19.41:232][  0]LogAudioCaptureCore: Display: No Audio Capture implementations found. Audio input will be silent.
[2021.05.07-08.19.41:233][  0]LogAudioCaptureCore: Display: No Audio Capture implementations found. Audio input will be silent.
[2021.05.07-08.19.41:725][  0]LogOcInput: OculusInput pre-init called
[2021.05.07-08.19.41:834][  0]LogWindows: Failed to load 'OVRPlugin.dll' (GetLastError=126)
[2021.05.07-08.19.41:835][  0]LogWindows: File 'OVRPlugin.dll' does not exist
[2021.05.07-08.19.42:321][  0]LogEngine: Initializing Engine...
[2021.05.07-08.19.42:326][  0]LogHMD: Failed to initialize OpenVR with code 110
[2021.05.07-08.19.42:326][  0]LogMagicLeap: Warning: VR disabled because ZI is not enabled.  To enable, in the editor, Edit -> Project Settings -> Plugins -> Magic Leap Plugin -> Enable Zero Iteration
[2021.05.07-08.19.42:329][  0]LogStats: UGameplayTagsManager::InitializeManager -  0.001 s
[2021.05.07-08.19.44:369][  0]LogInit: Initializing FReadOnlyCVARCache
[2021.05.07-08.19.44:394][  0]LogAIModule: Creating AISystem for world Untitled
[2021.05.07-08.19.44:394][  0]LogAISub: UAISubsystem::UAISubsystem EnvQueryManager (0000016551F0BC00), frame # 0
[2021.05.07-08.19.44:394][  0]LogAISub: UAISubsystem::UAISubsystem AIPerceptionSystem (0000016551F55BC0), frame # 0
[2021.05.07-08.19.44:411][  0]LogAudioMixer: Display: Audio Mixer Platform Settings:
[2021.05.07-08.19.44:411][  0]LogAudioMixer: Display: 	Sample Rate:						  48000
[2021.05.07-08.19.44:411][  0]LogAudioMixer: Display: 	Callback Buffer Frame Size Requested: 1024
[2021.05.07-08.19.44:411][  0]LogAudioMixer: Display: 	Callback Buffer Frame Size To Use:	  1024
[2021.05.07-08.19.44:411][  0]LogAudioMixer: Display: 	Number of buffers to queue:			  2
[2021.05.07-08.19.44:411][  0]LogAudioMixer: Display: 	Max Channels (voices):				  32
[2021.05.07-08.19.44:411][  0]LogAudioMixer: Display: 	Number of Async Source Workers:		  0
[2021.05.07-08.19.44:411][  0]LogAudio: Display: AudioDevice MaxSources: 32
[2021.05.07-08.19.44:412][  0]LogAudio: Display: Using built-in audio occlusion.
[2021.05.07-08.19.44:412][  0]LogAudioMixer: Display: Initializing audio mixer.
[2021.05.07-08.19.44:492][  0]LogAudioMixer: Display: 0: FrontLeft
[2021.05.07-08.19.44:493][  0]LogAudioMixer: Display: 1: FrontRight
[2021.05.07-08.19.44:733][  0]LogAudioMixer: Display: Using Audio Device Speakers (Realtek High Definition Audio)
[2021.05.07-08.19.44:735][  0]LogAudioMixer: Display: Initializing Sound Submixes...
[2021.05.07-08.19.44:840][  0]LogAudioMixer: Display: Creating Master Submix 'MasterSubmixDefault'
[2021.05.07-08.19.44:840][  0]LogAudioMixer: Display: Creating Master Submix 'MasterReverbSubmixDefault'
[2021.05.07-08.19.44:843][  0]LogAudioMixer: Display: Creating Master Submix 'MasterEQSubmixDefault'
[2021.05.07-08.19.44:846][  0]LogInit: FAudioDevice initialized.
[2021.05.07-08.19.44:847][  0]LogNetVersion: Set ProjectVersion to 1.0.0.0. Version Checksum will be recalculated on next use.
[2021.05.07-08.19.45:313][  0]LogDerivedDataCache: Saved boot cache 0.47s 76MB C:/Users/tim782/AppData/Local/UnrealEngine/4.25/DerivedDataCache/Boot.ddc.
[2021.05.07-08.19.45:317][  0]LogInit: Texture streaming: Enabled
[2021.05.07-08.19.45:496][  0]LogEngineSessionManager: EngineSessionManager initialized
[2021.05.07-08.19.45:496][  0]LogEditorSessionSummary: Verbose: Initializing EditorSessionSummaryWriter for editor session tracking
[2021.05.07-08.19.45:503][  0]LogEditorSessionSummary: EditorSessionSummaryWriter initialized
[2021.05.07-08.19.45:784][  0]LogInit: Transaction tracking system initialized
[2021.05.07-08.19.45:872][  0]BlueprintLog: New page: Editor Load
[2021.05.07-08.19.46:231][  0]LocalizationService: Localization service is disabled
[2021.05.07-08.19.52:238][  0]LogCook: Display: Max memory allowance for cook 16384mb min free memory 0mb
[2021.05.07-08.19.52:239][  0]LogCook: Display: Mobile HDR setting 1
[2021.05.07-08.19.52:683][  0]LogFileCache: Scanning file cache for directory 'C:/Users/tim782/Desktop/Castlevania_sotm/Content/' took 0.07s
[2021.05.07-08.19.55:207][  0]LogUnrealEdMisc: Loading editor; pre map load, took 135.474
[2021.05.07-08.19.55:207][  0]Cmd: MAP LOAD FILE="../../../../../../Users/tim782/Desktop/Castlevania_sotm/Content/Designer/Level_Design/Maps/Maps/ChaseScene.umap" TEMPLATE=0 SHOWPROGRESS=1 FEATURELEVEL=3
[2021.05.07-08.19.55:208][  0]LightingResults: New page: Lighting Build
[2021.05.07-08.19.55:211][  0]LogWorld: UWorld::CleanupWorld for Untitled, bSessionEnded=true, bCleanupResources=true
[2021.05.07-08.19.55:211][  0]LogSlate: InvalidateAllWidgets triggered.  All widgets were invalidated
[2021.05.07-08.19.55:212][  0]MapCheck: New page: Map Check
[2021.05.07-08.19.55:212][  0]LightingResults: New page: Lighting Build
[2021.05.07-08.19.55:350][  0]LogAISub: UAISubsystem::~UAISubsystem EnvQueryManager (0000016551F0BC00), frame # 0
[2021.05.07-08.19.55:350][  0]LogAISub: UAISubsystem::~UAISubsystem AIPerceptionSystem (0000016551F55BC0), frame # 0
[2021.05.07-08.19.55:354][  0]LogUObjectHash: Compacting FUObjectHashTables data took   3.93ms
[2021.05.07-08.19.56:113][  0]LogLinker: Warning: While loading '../../../../../../Users/tim782/Desktop/Castlevania_sotm/Content/StarterContent/Mannequin/Character/Mesh/UE4_Mannequin_Skeleton.uasset' failed to load '/Game/Charactor/UE4_Mannequin_Skeleton': Can't find file.
[2021.05.07-08.19.56:114][  0]LogLinker: Warning: While loading '../../../../../../Users/tim782/Desktop/Castlevania_sotm/Content/StarterContent/Mannequin/Character/Mesh/UE4_Mannequin_Skeleton.uasset' failed to load '/Game/Charactor/UE4_Mannequin_Skeleton': Can't find file.
[2021.05.07-08.19.56:115][  0]LogLinker: Warning: While loading '../../../../../../Users/tim782/Desktop/Castlevania_sotm/Content/StarterContent/Mannequin/Character/Mesh/UE4_Mannequin_Skeleton.uasset' failed to load '/Game/Charactor/UE4_Mannequin_Skeleton': Can't find file.
[2021.05.07-08.19.56:115][  0]LogLinker: Warning: While loading '../../../../../../Users/tim782/Desktop/Castlevania_sotm/Content/StarterContent/Mannequin/Character/Mesh/UE4_Mannequin_Skeleton.uasset' failed to load '/Game/Charactor/UE4_Mannequin_Skeleton': Can't find file.
[2021.05.07-08.19.56:116][  0]LogLinker: Warning: While loading '../../../../../../Users/tim782/Desktop/Castlevania_sotm/Content/StarterContent/Mannequin/Animations/ThirdPerson_Jump.uasset' failed to load '/Game/Charactor/UE4_Mannequin_Skeleton': Can't find file.
[2021.05.07-08.19.56:116][  0]LoadErrors: Failed to load /Game/Charactor/UE4_Mannequin_Skeleton.UE4_Mannequin_Skeleton Referenced by UE4_Mannequin_Skeleton
[2021.05.07-08.19.56:118][  0]LogLinker: Warning: While loading '../../../../../../Users/tim782/Desktop/Castlevania_sotm/Content/StarterContent/Mannequin/Animations/ThirdPerson_Jump.uasset' failed to load '/Game/Charactor/UE4_Mannequin_Skeleton': Can't find file.
[2021.05.07-08.19.56:118][  0]LoadErrors: Failed to load /Game/Charactor/UE4_Mannequin_Skeleton.UE4_Mannequin_Skeleton Referenced by UE4_Mannequin_Skeleton
[2021.05.07-08.19.56:119][  0]LogLinker: Warning: While loading '../../../../../../Users/tim782/Desktop/Castlevania_sotm/Content/StarterContent/Mannequin/Animations/ThirdPerson_Jump.uasset' failed to load '/Game/Charactor/UE4_Mannequin_Skeleton': Can't find file.
[2021.05.07-08.19.56:120][  0]LoadErrors: Failed to load /Game/Charactor/UE4_Mannequin_Skeleton.UE4_Mannequin_Skeleton Referenced by UE4_Mannequin_Skeleton
[2021.05.07-08.19.56:120][  0]LogLinker: Warning: While loading '../../../../../../Users/tim782/Desktop/Castlevania_sotm/Content/StarterContent/Mannequin/Animations/ThirdPerson_Jump.uasset' failed to load '/Game/Charactor/UE4_Mannequin_Skeleton': Can't find file.
[2021.05.07-08.19.56:120][  0]LoadErrors: Failed to load /Game/Charactor/UE4_Mannequin_Skeleton.UE4_Mannequin_Skeleton Referenced by UE4_Mannequin_Skeleton
[2021.05.07-08.19.56:243][  0]LogLinker: Warning: While loading '../../../../../../Users/tim782/Desktop/Castlevania_sotm/Content/StarterContent/Mannequin/Animations/ThirdPersonJump_Loop.uasset' failed to load '/Game/Charactor/UE4_Mannequin_Skeleton': Can't find file.
[2021.05.07-08.19.56:243][  0]LoadErrors: Failed to load /Game/Charactor/UE4_Mannequin_Skeleton.UE4_Mannequin_Skeleton Referenced by UE4_Mannequin_Skeleton
[2021.05.07-08.19.56:243][  0]LogLinker: Warning: While loading '../../../../../../Users/tim782/Desktop/Castlevania_sotm/Content/StarterContent/Mannequin/Animations/ThirdPersonJump_Loop.uasset' failed to load '/Game/Charactor/UE4_Mannequin_Skeleton': Can't find file.
[2021.05.07-08.19.56:244][  0]LoadErrors: Failed to load /Game/Charactor/UE4_Mannequin_Skeleton.UE4_Mannequin_Skeleton Referenced by UE4_Mannequin_Skeleton
[2021.05.07-08.19.56:346][  0]LogLinker: Warning: While loading '../../../../../../Users/tim782/Desktop/Castlevania_sotm/Content/StarterContent/Mannequin/Animations/ThirdPersonJump_Start.uasset' failed to load '/Game/Charactor/UE4_Mannequin_Skeleton': Can't find file.
[2021.05.07-08.19.56:346][  0]LoadErrors: Failed to load /Game/Charactor/UE4_Mannequin_Skeleton.UE4_Mannequin_Skeleton Referenced by UE4_Mannequin_Skeleton
[2021.05.07-08.19.56:347][  0]LogLinker: Warning: While loading '../../../../../../Users/tim782/Desktop/Castlevania_sotm/Content/StarterContent/Mannequin/Animations/ThirdPersonJump_Start.uasset' failed to load '/Game/Charactor/UE4_Mannequin_Skeleton': Can't find file.
[2021.05.07-08.19.56:347][  0]LoadErrors: Failed to load /Game/Charactor/UE4_Mannequin_Skeleton.UE4_Mannequin_Skeleton Referenced by UE4_Mannequin_Skeleton
[2021.05.07-08.20.16:820][  0]LogAIModule: Creating AISystem for world ChaseScene
[2021.05.07-08.20.16:823][  0]LogAISub: UAISubsystem::UAISubsystem EnvQueryManager (0000016563F61A00), frame # 0
[2021.05.07-08.20.16:823][  0]LogAISub: UAISubsystem::UAISubsystem AIPerceptionSystem (0000016553381BC0), frame # 0
[2021.05.07-08.20.17:968][  0]LogEditorServer: Finished looking for orphan Actors (0.000 secs)
[2021.05.07-08.20.17:970][  0]LogNavigation: Warning: Recreating dtNavMesh instance due to saved navmesh origin (X=-0.003 Y=94.526 Z=0.000, usually the RecastNavMesh location) not being aligned with tile size (988 uu) 
[2021.05.07-08.20.18:377][  0]LogUObjectHash: Compacting FUObjectHashTables data took   6.30ms
[2021.05.07-08.20.18:378][  0]Cmd: MAP CHECKDEP NOCLEARLOG
[2021.05.07-08.20.18:379][  0]MapCheck: Map check complete: 0 Error(s), 0 Warning(s), took 0.69ms to complete.
[2021.05.07-08.20.18:379][  0]LogFileHelpers: Loading map 'ChaseScene' took 23.171
[2021.05.07-08.20.18:385][  0]LogUnrealEdMisc: Total Editor Startup Time, took 158.651
[2021.05.07-08.20.18:737][  0]LogSlate: Updating window title bar state: overlay mode, drag disabled, window buttons hidden, title bar hidden
[2021.05.07-08.20.18:767][  0]LogSlate: Updating window title bar state: overlay mode, drag disabled, window buttons hidden, title bar hidden
[2021.05.07-08.20.18:797][  0]LogSlate: Updating window title bar state: overlay mode, drag disabled, window buttons hidden, title bar hidden
[2021.05.07-08.20.18:825][  0]LogSlate: Updating window title bar state: overlay mode, drag disabled, window buttons hidden, title bar hidden
[2021.05.07-08.20.18:859][  0]LogCollectionManager: Loaded 0 collections in 0.011706 seconds
[2021.05.07-08.20.18:919][  0]LogFileCache: Scanning file cache for directory 'C:/Users/tim782/Desktop/Castlevania_sotm/Saved/Collections/' took 0.00s
[2021.05.07-08.20.18:919][  0]LogFileCache: Scanning file cache for directory 'C:/Users/tim782/Desktop/Castlevania_sotm/Content/Developers/tim782/Collections/' took 0.00s
[2021.05.07-08.20.18:919][  0]LogFileCache: Scanning file cache for directory 'C:/Users/tim782/Desktop/Castlevania_sotm/Content/Collections/' took 0.01s
[2021.05.07-08.20.18:919][  0]LogContentBrowser: Native class hierarchy populated in 0.0417 seconds. Added 3427 classes and 821 folders.
[2021.05.07-08.20.18:945][  0]LogContentBrowser: Native class hierarchy updated for 'WidgetCarousel' in 0.0010 seconds. Added 0 classes and 0 folders.
[2021.05.07-08.20.21:576][  0]LogContentBrowser: Native class hierarchy updated for 'AddContentDialog' in 0.0009 seconds. Added 0 classes and 0 folders.
[2021.05.07-08.20.21:579][  0]LogContentBrowser: Native class hierarchy updated for 'SceneOutliner' in 0.0007 seconds. Added 2 classes and 0 folders.
[2021.05.07-08.20.21:699][  0]LogSlate: Took 0.025183 seconds to synchronously load lazily loaded font '../../../Engine/Content/Slate/Fonts/Roboto-Regular.ttf' (155K)
[2021.05.07-08.20.21:728][  0]LogSlate: Took 0.021764 seconds to synchronously load lazily loaded font '../../../Engine/Content/Slate/Fonts/Roboto-Bold.ttf' (160K)
[2021.05.07-08.20.21:828][  0]LogSlate: Took 0.081395 seconds to synchronously load lazily loaded font '../../../Engine/Content/Editor/Slate/Fonts/FontAwesome.ttf' (139K)
[2021.05.07-08.20.22:483][  0]LogRenderer: Reallocating scene render targets to support 1208x572 Format 10 NumSamples 1 (Frame:1).
[2021.05.07-08.20.23:272][  0]LogContentBrowser: Native class hierarchy updated for 'HierarchicalLODOutliner' in 0.0012 seconds. Added 0 classes and 0 folders.
[2021.05.07-08.20.23:273][  0]LogLoad: (Engine Initialization) Total time: 163.54 seconds
[2021.05.07-08.20.23:273][  0]LogLoad: (Engine Initialization) Total Blueprint compile time: 0.00 seconds
[2021.05.07-08.20.23:293][  0]LoadErrors: Error: /Game/StarterContent/Mannequin/Animations/ThirdPerson_Jump : Failed import for Skeleton /Game/StarterContent/Mannequin/Character/Mesh/UE4_Mannequin_Skeleton.UE4_Mannequin_Skeleton [redirection] in /Game/StarterContent/Mannequin/Animations/ThirdPerson_Jump Referenced by export AnimSequence /Game/StarterContent/Mannequin/Animations/ThirdPerson_Jump.ThirdPerson_Jump
[2021.05.07-08.20.23:293][  0]LoadErrors: Error: /Game/StarterContent/Mannequin/Animations/ThirdPersonJump_Loop : Failed import for Skeleton /Game/StarterContent/Mannequin/Character/Mesh/UE4_Mannequin_Skeleton.UE4_Mannequin_Skeleton [redirection] in /Game/StarterContent/Mannequin/Animations/ThirdPersonJump_Loop Referenced by export AnimSequence /Game/StarterContent/Mannequin/Animations/ThirdPersonJump_Loop.ThirdPersonJump_Loop
[2021.05.07-08.20.23:294][  0]LoadErrors: Error: /Game/StarterContent/Mannequin/Animations/ThirdPersonJump_Start : Failed import for Skeleton /Game/StarterContent/Mannequin/Character/Mesh/UE4_Mannequin_Skeleton.UE4_Mannequin_Skeleton [redirection] in /Game/StarterContent/Mannequin/Animations/ThirdPersonJump_Start Referenced by export AnimSequence /Game/StarterContent/Mannequin/Animations/ThirdPersonJump_Start.ThirdPersonJump_Start
[2021.05.07-08.20.23:380][  0]LogContentStreaming: Texture pool size now 1000 MB
[2021.05.07-08.20.23:714][  0]LogSlate: Took 0.022112 seconds to synchronously load lazily loaded font '../../../Engine/Content/Slate/Fonts/Roboto-Light.ttf' (167K)
[2021.05.07-08.20.23:849][  0]LogSlate: Took 0.049643 seconds to synchronously load lazily loaded font '../../../Engine/Content/Slate/Fonts/DroidSansMono.ttf' (77K)
[2021.05.07-08.20.24:369][  3]LogAssetRegistry: Asset discovery search completed in 83.5858 seconds
[2021.05.07-08.20.24:387][  3]LogCollectionManager: Fixed up redirectors for 0 collections in 0.000007 seconds (updated 0 objects)
[2021.05.07-08.20.38:874][ 46]LogTemp: Repeating last play command: Selected Viewport
[2021.05.07-08.20.38:998][ 46]LogPlayLevel: PlayLevel: No blueprints needed recompiling
[2021.05.07-08.20.39:018][ 46]PIE: New page: PIE session: ChaseScene (7 May 2021, 10:20:38)
[2021.05.07-08.20.39:021][ 46]LogOnline: OSS: Creating online subsystem instance for: NULL
[2021.05.07-08.20.39:025][ 46]LogOnline: OSS: TryLoadSubsystemAndSetDefault: Loaded subsystem for module [NULL]
[2021.05.07-08.20.39:025][ 46]LogPlayLevel: Creating play world package: /Game/Designer/Level_Design/Maps/Maps/UEDPIE_0_ChaseScene
[2021.05.07-08.20.39:323][ 46]LogPlayLevel: PIE: StaticDuplicateObject took: (0.298678s)
[2021.05.07-08.20.39:327][ 46]LogAIModule: Creating AISystem for world ChaseScene
[2021.05.07-08.20.39:327][ 46]LogAISub: UAISubsystem::UAISubsystem EnvQueryManager (0000016572F47E00), frame # 46
[2021.05.07-08.20.39:327][ 46]LogAISub: UAISubsystem::UAISubsystem AIPerceptionSystem (0000016541B1D440), frame # 46
[2021.05.07-08.20.39:328][ 46]LogPlayLevel: PIE: World Init took: (0.004166s)
[2021.05.07-08.20.39:328][ 46]LogPlayLevel: PIE: Created PIE world by copying editor world from /Game/Designer/Level_Design/Maps/Maps/ChaseScene.ChaseScene to /Game/Designer/Level_Design/Maps/Maps/UEDPIE_0_ChaseScene.ChaseScene (0.303475s)
[2021.05.07-08.20.39:427][ 46]LogUObjectHash: Compacting FUObjectHashTables data took   3.60ms
[2021.05.07-08.20.39:441][ 46]LogAudioMixer: Display: Audio Mixer Platform Settings:
[2021.05.07-08.20.39:441][ 46]LogAudioMixer: Display: 	Sample Rate:						  48000
[2021.05.07-08.20.39:441][ 46]LogAudioMixer: Display: 	Callback Buffer Frame Size Requested: 1024
[2021.05.07-08.20.39:441][ 46]LogAudioMixer: Display: 	Callback Buffer Frame Size To Use:	  1024
[2021.05.07-08.20.39:442][ 46]LogAudioMixer: Display: 	Number of buffers to queue:			  2
[2021.05.07-08.20.39:442][ 46]LogAudioMixer: Display: 	Max Channels (voices):				  32
[2021.05.07-08.20.39:442][ 46]LogAudioMixer: Display: 	Number of Async Source Workers:		  0
[2021.05.07-08.20.39:442][ 46]LogAudio: Display: AudioDevice MaxSources: 32
[2021.05.07-08.20.39:443][ 46]LogAudio: Display: Using built-in audio occlusion.
[2021.05.07-08.20.39:443][ 46]LogAudioMixer: Display: Initializing audio mixer.
[2021.05.07-08.20.39:465][ 46]LogAudioMixer: Display: 0: FrontLeft
[2021.05.07-08.20.39:465][ 46]LogAudioMixer: Display: 1: FrontRight
[2021.05.07-08.20.39:555][ 46]LogAudioMixer: Display: Using Audio Device Speakers (Realtek High Definition Audio)
[2021.05.07-08.20.39:555][ 46]LogAudioMixer: Display: Initializing Sound Submixes...
[2021.05.07-08.20.39:555][ 46]LogAudioMixer: Display: Creating Master Submix 'MasterSubmixDefault'
[2021.05.07-08.20.39:555][ 46]LogAudioMixer: Display: Creating Master Submix 'MasterReverbSubmixDefault'
[2021.05.07-08.20.39:558][ 46]LogAudioMixer: Display: Creating Master Submix 'MasterEQSubmixDefault'
[2021.05.07-08.20.39:622][ 46]LogInit: FAudioDevice initialized.
[2021.05.07-08.20.39:679][ 46]LogLoad: Game class is 'SideScrollerGameMode_C'
[2021.05.07-08.20.39:789][ 46]LogWorld: Bringing World /Game/Designer/Level_Design/Maps/Maps/UEDPIE_0_ChaseScene.ChaseScene up for play (max tick rate 0) at 2021.05.07-09.20.39
[2021.05.07-08.20.39:799][ 46]LogWorld: Bringing up level for play took: 0.116104
[2021.05.07-08.20.39:800][ 46]LogOnline: OSS: Creating online subsystem instance for: :Context_3
[2021.05.07-08.20.39:811][ 46]LogContentBrowser: Native class hierarchy updated for 'MovieSceneCapture' in 0.0012 seconds. Added 20 classes and 0 folders.
[2021.05.07-08.20.39:831][ 46]LogSlate: Updating window title bar state: overlay mode, drag disabled, window buttons hidden, title bar hidden
[2021.05.07-08.20.39:845][ 46]PIE: Server logged in
[2021.05.07-08.20.39:850][ 46]PIE: Play in editor total start time 0.854 seconds.
[2021.05.07-08.20.40:060][ 47]LogCharacterMovement: Warning: GetSimulationTimeStep() - Max iterations 8 hit while remaining time 0.085775 > MaxSimulationTimeStep (0.050) for 'Chaser_5', movement 'Walking'
[2021.05.07-08.20.55:089][351]LogScript: Warning: Attempted to access MyCharactor_2 via property CharBP, but MyCharactor_2 is pending kill
	Chaser_C /Game/Designer/Level_Design/Maps/Maps/UEDPIE_0_ChaseScene.ChaseScene:PersistentLevel.Chaser_5
	Function /Game/Designer/BP_Cameron/Chaser.Chaser_C:ExecuteUbergraph_Chaser:013E
[2021.05.07-08.20.55:090][351]PIE: Error: Blueprint Runtime Error: "Attempted to access MyCharactor_2 via property CharBP, but MyCharactor_2 is pending kill". Blueprint:  Chaser Function:  Execute Ubergraph Chaser Graph:  EventGraph Node:  Set MaxWalkSpeed
[2021.05.07-08.20.55:090][351]LogScript: Warning: Accessed None
	Chaser_C /Game/Designer/Level_Design/Maps/Maps/UEDPIE_0_ChaseScene.ChaseScene:PersistentLevel.Chaser_5
	Function /Game/Designer/BP_Cameron/Chaser.Chaser_C:ExecuteUbergraph_Chaser:0153
[2021.05.07-08.20.55:090][351]PIE: Error: Blueprint Runtime Error: "Accessed None". Blueprint:  Chaser Function:  Execute Ubergraph Chaser Graph:  EventGraph Node:  Set MaxWalkSpeed
[2021.05.07-08.20.55:091][351]LogScript: Warning: Accessed None trying to read property CallFunc_GetPlayerCharacter_ReturnValue
	BTTFindPlayerLocation_JB_C /Game/Designer/Level_Design/Maps/Maps/UEDPIE_0_ChaseScene.ChaseScene:PersistentLevel.EnemyAI_JB_C_3.BTComponent.BTTFindPlayerLocation_JB_C_2
	Function /Game/Programmer/scrips/Jay_W9055613/AI/BTTFindPlayerLocation_JB.BTTFindPlayerLocation_JB_C:ExecuteUbergraph_BTTFindPlayerLocation_JB:0042
[2021.05.07-08.20.55:091][351]PIE: Error: Blueprint Runtime Error: "Accessed None trying to read property CallFunc_GetPlayerCharacter_ReturnValue". Blueprint:  BTTFindPlayerLocation_JB Function:  Execute Ubergraph BTTFind Player Location JB Graph:  EventGraph Node:  Set Blackboard Value as Vector
[2021.05.07-08.20.55:104][351]LogScript: Warning: Attempted to access MyCharactor_2 via property CharacterReferance, but MyCharactor_2 is pending kill
	StaminaHUD_C /Engine/Transient.UnrealEdEngine_0:GameInstance_0.test_hud_km_chase_C_0.WidgetTree_0.StaminaHUD
	Function /Game/Programmer/scrips/StaminaHUD.StaminaHUD_C:Get_StaminaBar_Percent_0:0027
[2021.05.07-08.20.55:104][351]LogScript: Warning: Attempted to access MyCharactor_2 via property CharacterReferance, but MyCharactor_2 is pending kill
	StaminaHUD_C /Engine/Transient.UnrealEdEngine_0:GameInstance_0.test_hud_km_chase_C_0.WidgetTree_0.StaminaHUD
	Function /Game/Programmer/scrips/StaminaHUD.StaminaHUD_C:Get_StaminaBar_Percent_0:0046
[2021.05.07-08.20.55:104][351]LogScript: Warning: Script Msg: Divide by zero detected: 0.000000 / 0
Script call stack:
	Function /Game/Programmer/scrips/StaminaHUD.StaminaHUD_C:Get_StaminaBar_Percent_0

[2021.05.07-08.20.55:104][351]LogScript: Warning: Attempted to access MyCharactor_2 via property CharacterReferance, but MyCharactor_2 is pending kill
	StaminaHUD_C /Engine/Transient.UnrealEdEngine_0:GameInstance_0.test_hud_km_chase_C_1.WidgetTree_0.StaminaHUD
	Function /Game/Programmer/scrips/StaminaHUD.StaminaHUD_C:Get_StaminaBar_Percent_0:0027
[2021.05.07-08.20.55:105][351]LogScript: Warning: Attempted to access MyCharactor_2 via property CharacterReferance, but MyCharactor_2 is pending kill
	StaminaHUD_C /Engine/Transient.UnrealEdEngine_0:GameInstance_0.test_hud_km_chase_C_1.WidgetTree_0.StaminaHUD
	Function /Game/Programmer/scrips/StaminaHUD.StaminaHUD_C:Get_StaminaBar_Percent_0:0046
[2021.05.07-08.20.55:105][351]LogScript: Warning: Script Msg: Divide by zero detected: 0.000000 / 0
Script call stack:
	Function /Game/Programmer/scrips/StaminaHUD.StaminaHUD_C:Get_StaminaBar_Percent_0

[2021.05.07-08.20.55:143][352]LogScript: Warning: Attempted to access MyCharactor_2 via property CharBP, but MyCharactor_2 is pending kill
	Chaser_C /Game/Designer/Level_Design/Maps/Maps/UEDPIE_0_ChaseScene.ChaseScene:PersistentLevel.Chaser_5
	Function /Game/Designer/BP_Cameron/Chaser.Chaser_C:ExecuteUbergraph_Chaser:013E
[2021.05.07-08.20.55:144][352]PIE: Error: Blueprint Runtime Error: "Attempted to access MyCharactor_2 via property CharBP, but MyCharactor_2 is pending kill". Blueprint:  Chaser Function:  Execute Ubergraph Chaser Graph:  EventGraph Node:  Set MaxWalkSpeed
[2021.05.07-08.20.55:144][352]LogScript: Warning: Accessed None
	Chaser_C /Game/Designer/Level_Design/Maps/Maps/UEDPIE_0_ChaseScene.ChaseScene:PersistentLevel.Chaser_5
	Function /Game/Designer/BP_Cameron/Chaser.Chaser_C:ExecuteUbergraph_Chaser:0153
[2021.05.07-08.20.55:144][352]PIE: Error: Blueprint Runtime Error: "Accessed None". Blueprint:  Chaser Function:  Execute Ubergraph Chaser Graph:  EventGraph Node:  Set MaxWalkSpeed
[2021.05.07-08.20.55:155][352]LogScript: Warning: Attempted to access MyCharactor_2 via property CharacterReferance, but MyCharactor_2 is pending kill
	StaminaHUD_C /Engine/Transient.UnrealEdEngine_0:GameInstance_0.test_hud_km_chase_C_0.WidgetTree_0.StaminaHUD
	Function /Game/Programmer/scrips/StaminaHUD.StaminaHUD_C:Get_StaminaBar_Percent_0:0027
[2021.05.07-08.20.55:156][352]LogScript: Warning: Attempted to access MyCharactor_2 via property CharacterReferance, but MyCharactor_2 is pending kill
	StaminaHUD_C /Engine/Transient.UnrealEdEngine_0:GameInstance_0.test_hud_km_chase_C_0.WidgetTree_0.StaminaHUD
	Function /Game/Programmer/scrips/StaminaHUD.StaminaHUD_C:Get_StaminaBar_Percent_0:0046
[2021.05.07-08.20.55:156][352]LogScript: Warning: Script Msg: Divide by zero detected: 0.000000 / 0
Script call stack:
	Function /Game/Programmer/scrips/StaminaHUD.StaminaHUD_C:Get_StaminaBar_Percent_0

[2021.05.07-08.20.55:156][352]LogScript: Warning: Attempted to access MyCharactor_2 via property CharacterReferance, but MyCharactor_2 is pending kill
	StaminaHUD_C /Engine/Transient.UnrealEdEngine_0:GameInstance_0.test_hud_km_chase_C_1.WidgetTree_0.StaminaHUD
	Function /Game/Programmer/scrips/StaminaHUD.StaminaHUD_C:Get_StaminaBar_Percent_0:0027
[2021.05.07-08.20.55:156][352]LogScript: Warning: Attempted to access MyCharactor_2 via property CharacterReferance, but MyCharactor_2 is pending kill
	StaminaHUD_C /Engine/Transient.UnrealEdEngine_0:GameInstance_0.test_hud_km_chase_C_1.WidgetTree_0.StaminaHUD
	Function /Game/Programmer/scrips/StaminaHUD.StaminaHUD_C:Get_StaminaBar_Percent_0:0046
[2021.05.07-08.20.55:156][352]LogScript: Warning: Script Msg: Divide by zero detected: 0.000000 / 0
Script call stack:
	Function /Game/Programmer/scrips/StaminaHUD.StaminaHUD_C:Get_StaminaBar_Percent_0

[2021.05.07-08.20.55:367][353]LogScript: Warning: Attempted to access MyCharactor_2 via property CharBP, but MyCharactor_2 is pending kill
	Chaser_C /Game/Designer/Level_Design/Maps/Maps/UEDPIE_0_ChaseScene.ChaseScene:PersistentLevel.Chaser_5
	Function /Game/Designer/BP_Cameron/Chaser.Chaser_C:ExecuteUbergraph_Chaser:013E
[2021.05.07-08.20.55:368][353]PIE: Error: Blueprint Runtime Error: "Attempted to access MyCharactor_2 via property CharBP, but MyCharactor_2 is pending kill". Blueprint:  Chaser Function:  Execute Ubergraph Chaser Graph:  EventGraph Node:  Set MaxWalkSpeed
[2021.05.07-08.20.55:368][353]LogScript: Warning: Accessed None
	Chaser_C /Game/Designer/Level_Design/Maps/Maps/UEDPIE_0_ChaseScene.ChaseScene:PersistentLevel.Chaser_5
	Function /Game/Designer/BP_Cameron/Chaser.Chaser_C:ExecuteUbergraph_Chaser:0153
[2021.05.07-08.20.55:368][353]PIE: Error: Blueprint Runtime Error: "Accessed None". Blueprint:  Chaser Function:  Execute Ubergraph Chaser Graph:  EventGraph Node:  Set MaxWalkSpeed
[2021.05.07-08.20.55:379][353]LogScript: Warning: Attempted to access MyCharactor_2 via property CharacterReferance, but MyCharactor_2 is pending kill
	StaminaHUD_C /Engine/Transient.UnrealEdEngine_0:GameInstance_0.test_hud_km_chase_C_0.WidgetTree_0.StaminaHUD
	Function /Game/Programmer/scrips/StaminaHUD.StaminaHUD_C:Get_StaminaBar_Percent_0:0027
[2021.05.07-08.20.55:380][353]LogScript: Warning: Attempted to access MyCharactor_2 via property CharacterReferance, but MyCharactor_2 is pending kill
	StaminaHUD_C /Engine/Transient.UnrealEdEngine_0:GameInstance_0.test_hud_km_chase_C_0.WidgetTree_0.StaminaHUD
	Function /Game/Programmer/scrips/StaminaHUD.StaminaHUD_C:Get_StaminaBar_Percent_0:0046
[2021.05.07-08.20.55:380][353]LogScript: Warning: Script Msg: Divide by zero detected: 0.000000 / 0
Script call stack:
	Function /Game/Programmer/scrips/StaminaHUD.StaminaHUD_C:Get_StaminaBar_Percent_0

[2021.05.07-08.20.55:380][353]LogScript: Warning: Attempted to access MyCharactor_2 via property CharacterReferance, but MyCharactor_2 is pending kill
	StaminaHUD_C /Engine/Transient.UnrealEdEngine_0:GameInstance_0.test_hud_km_chase_C_1.WidgetTree_0.StaminaHUD
	Function /Game/Programmer/scrips/StaminaHUD.StaminaHUD_C:Get_StaminaBar_Percent_0:0027
[2021.05.07-08.20.55:380][353]LogScript: Warning: Attempted to access MyCharactor_2 via property CharacterReferance, but MyCharactor_2 is pending kill
	StaminaHUD_C /Engine/Transient.UnrealEdEngine_0:GameInstance_0.test_hud_km_chase_C_1.WidgetTree_0.StaminaHUD
	Function /Game/Programmer/scrips/StaminaHUD.StaminaHUD_C:Get_StaminaBar_Percent_0:0046
[2021.05.07-08.20.55:380][353]LogScript: Warning: Script Msg: Divide by zero detected: 0.000000 / 0
Script call stack:
	Function /Game/Programmer/scrips/StaminaHUD.StaminaHUD_C:Get_StaminaBar_Percent_0

[2021.05.07-08.20.55:497][354]LogScript: Warning: Attempted to access MyCharactor_2 via property CharBP, but MyCharactor_2 is pending kill
	Chaser_C /Game/Designer/Level_Design/Maps/Maps/UEDPIE_0_ChaseScene.ChaseScene:PersistentLevel.Chaser_5
	Function /Game/Designer/BP_Cameron/Chaser.Chaser_C:ExecuteUbergraph_Chaser:013E
[2021.05.07-08.20.55:498][354]PIE: Error: Blueprint Runtime Error: "Attempted to access MyCharactor_2 via property CharBP, but MyCharactor_2 is pending kill". Blueprint:  Chaser Function:  Execute Ubergraph Chaser Graph:  EventGraph Node:  Set MaxWalkSpeed
[2021.05.07-08.20.55:498][354]LogScript: Warning: Accessed None
	Chaser_C /Game/Designer/Level_Design/Maps/Maps/UEDPIE_0_ChaseScene.ChaseScene:PersistentLevel.Chaser_5
	Function /Game/Designer/BP_Cameron/Chaser.Chaser_C:ExecuteUbergraph_Chaser:0153
[2021.05.07-08.20.55:498][354]PIE: Error: Blueprint Runtime Error: "Accessed None". Blueprint:  Chaser Function:  Execute Ubergraph Chaser Graph:  EventGraph Node:  Set MaxWalkSpeed
[2021.05.07-08.20.55:511][354]LogScript: Warning: Attempted to access MyCharactor_2 via property CharacterReferance, but MyCharactor_2 is pending kill
	StaminaHUD_C /Engine/Transient.UnrealEdEngine_0:GameInstance_0.test_hud_km_chase_C_0.WidgetTree_0.StaminaHUD
	Function /Game/Programmer/scrips/StaminaHUD.StaminaHUD_C:Get_StaminaBar_Percent_0:0027
[2021.05.07-08.20.55:512][354]LogScript: Warning: Attempted to access MyCharactor_2 via property CharacterReferance, but MyCharactor_2 is pending kill
	StaminaHUD_C /Engine/Transient.UnrealEdEngine_0:GameInstance_0.test_hud_km_chase_C_0.WidgetTree_0.StaminaHUD
	Function /Game/Programmer/scrips/StaminaHUD.StaminaHUD_C:Get_StaminaBar_Percent_0:0046
[2021.05.07-08.20.55:512][354]LogScript: Warning: Script Msg: Divide by zero detected: 0.000000 / 0
Script call stack:
	Function /Game/Programmer/scrips/StaminaHUD.StaminaHUD_C:Get_StaminaBar_Percent_0

[2021.05.07-08.20.55:512][354]LogScript: Warning: Attempted to access MyCharactor_2 via property CharacterReferance, but MyCharactor_2 is pending kill
	StaminaHUD_C /Engine/Transient.UnrealEdEngine_0:GameInstance_0.test_hud_km_chase_C_1.WidgetTree_0.StaminaHUD
	Function /Game/Programmer/scrips/StaminaHUD.StaminaHUD_C:Get_StaminaBar_Percent_0:0027
[2021.05.07-08.20.55:512][354]LogScript: Warning: Attempted to access MyCharactor_2 via property CharacterReferance, but MyCharactor_2 is pending kill
	StaminaHUD_C /Engine/Transient.UnrealEdEngine_0:GameInstance_0.test_hud_km_chase_C_1.WidgetTree_0.StaminaHUD
	Function /Game/Programmer/scrips/StaminaHUD.StaminaHUD_C:Get_StaminaBar_Percent_0:0046
[2021.05.07-08.20.55:513][354]LogScript: Warning: Script Msg: Divide by zero detected: 0.000000 / 0
Script call stack:
	Function /Game/Programmer/scrips/StaminaHUD.StaminaHUD_C:Get_StaminaBar_Percent_0

[2021.05.07-08.20.55:614][355]LogScript: Warning: Attempted to access MyCharactor_2 via property CharBP, but MyCharactor_2 is pending kill
	Chaser_C /Game/Designer/Level_Design/Maps/Maps/UEDPIE_0_ChaseScene.ChaseScene:PersistentLevel.Chaser_5
	Function /Game/Designer/BP_Cameron/Chaser.Chaser_C:ExecuteUbergraph_Chaser:013E
[2021.05.07-08.20.55:614][355]PIE: Error: Blueprint Runtime Error: "Attempted to access MyCharactor_2 via property CharBP, but MyCharactor_2 is pending kill". Blueprint:  Chaser Function:  Execute Ubergraph Chaser Graph:  EventGraph Node:  Set MaxWalkSpeed
[2021.05.07-08.20.55:615][355]LogScript: Warning: Accessed None
	Chaser_C /Game/Designer/Level_Design/Maps/Maps/UEDPIE_0_ChaseScene.ChaseScene:PersistentLevel.Chaser_5
	Function /Game/Designer/BP_Cameron/Chaser.Chaser_C:ExecuteUbergraph_Chaser:0153
[2021.05.07-08.20.55:615][355]PIE: Error: Blueprint Runtime Error: "Accessed None". Blueprint:  Chaser Function:  Execute Ubergraph Chaser Graph:  EventGraph Node:  Set MaxWalkSpeed
[2021.05.07-08.20.55:626][355]LogScript: Warning: Attempted to access MyCharactor_2 via property CharacterReferance, but MyCharactor_2 is pending kill
	StaminaHUD_C /Engine/Transient.UnrealEdEngine_0:GameInstance_0.test_hud_km_chase_C_0.WidgetTree_0.StaminaHUD
	Function /Game/Programmer/scrips/StaminaHUD.StaminaHUD_C:Get_StaminaBar_Percent_0:0027
[2021.05.07-08.20.55:626][355]LogScript: Warning: Script Msg: Divide by zero detected: 0.000000 / 0
Script call stack:
	Function /Game/Programmer/scrips/StaminaHUD.StaminaHUD_C:Get_StaminaBar_Percent_0

[2021.05.07-08.20.55:626][355]LogScript: Warning: Script Msg: Divide by zero detected: 0.000000 / 0
Script call stack:
	Function /Game/Programmer/scrips/StaminaHUD.StaminaHUD_C:Get_StaminaBar_Percent_0

[2021.05.07-08.20.55:721][356]LogScript: Warning: Attempted to access MyCharactor_2 via property CharBP, but MyCharactor_2 is pending kill
	Chaser_C /Game/Designer/Level_Design/Maps/Maps/UEDPIE_0_ChaseScene.ChaseScene:PersistentLevel.Chaser_5
	Function /Game/Designer/BP_Cameron/Chaser.Chaser_C:ExecuteUbergraph_Chaser:013E
[2021.05.07-08.20.55:722][356]PIE: Error: Blueprint Runtime Error: "Attempted to access MyCharactor_2 via property CharBP, but MyCharactor_2 is pending kill". Blueprint:  Chaser Function:  Execute Ubergraph Chaser Graph:  EventGraph Node:  Set MaxWalkSpeed
[2021.05.07-08.20.55:722][356]LogScript: Warning: Accessed None
	Chaser_C /Game/Designer/Level_Design/Maps/Maps/UEDPIE_0_ChaseScene.ChaseScene:PersistentLevel.Chaser_5
	Function /Game/Designer/BP_Cameron/Chaser.Chaser_C:ExecuteUbergraph_Chaser:0153
[2021.05.07-08.20.55:722][356]PIE: Error: Blueprint Runtime Error: "Accessed None". Blueprint:  Chaser Function:  Execute Ubergraph Chaser Graph:  EventGraph Node:  Set MaxWalkSpeed
[2021.05.07-08.20.55:733][356]LogScript: Warning: Script Msg: Divide by zero detected: 0.000000 / 0
Script call stack:
	Function /Game/Programmer/scrips/StaminaHUD.StaminaHUD_C:Get_StaminaBar_Percent_0

[2021.05.07-08.20.55:734][356]LogScript: Warning: Script Msg: Divide by zero detected: 0.000000 / 0
Script call stack:
	Function /Game/Programmer/scrips/StaminaHUD.StaminaHUD_C:Get_StaminaBar_Percent_0

[2021.05.07-08.20.55:824][357]LogScript: Warning: Attempted to access MyCharactor_2 via property CharBP, but MyCharactor_2 is pending kill
	Chaser_C /Game/Designer/Level_Design/Maps/Maps/UEDPIE_0_ChaseScene.ChaseScene:PersistentLevel.Chaser_5
	Function /Game/Designer/BP_Cameron/Chaser.Chaser_C:ExecuteUbergraph_Chaser:013E
[2021.05.07-08.20.55:824][357]PIE: Error: Blueprint Runtime Error: "Attempted to access MyCharactor_2 via property CharBP, but MyCharactor_2 is pending kill". Blueprint:  Chaser Function:  Execute Ubergraph Chaser Graph:  EventGraph Node:  Set MaxWalkSpeed
[2021.05.07-08.20.55:824][357]LogScript: Warning: Accessed None
	Chaser_C /Game/Designer/Level_Design/Maps/Maps/UEDPIE_0_ChaseScene.ChaseScene:PersistentLevel.Chaser_5
	Function /Game/Designer/BP_Cameron/Chaser.Chaser_C:ExecuteUbergraph_Chaser:0153
[2021.05.07-08.20.55:824][357]PIE: Error: Blueprint Runtime Error: "Accessed None". Blueprint:  Chaser Function:  Execute Ubergraph Chaser Graph:  EventGraph Node:  Set MaxWalkSpeed
[2021.05.07-08.20.55:835][357]LogScript: Warning: Script Msg: Divide by zero detected: 0.000000 / 0
Script call stack:
	Function /Game/Programmer/scrips/StaminaHUD.StaminaHUD_C:Get_StaminaBar_Percent_0

[2021.05.07-08.20.55:835][357]LogScript: Warning: Script Msg: Divide by zero detected: 0.000000 / 0
Script call stack:
	Function /Game/Programmer/scrips/StaminaHUD.StaminaHUD_C:Get_StaminaBar_Percent_0

[2021.05.07-08.20.55:930][358]LogScript: Warning: Attempted to access MyCharactor_2 via property CharBP, but MyCharactor_2 is pending kill
	Chaser_C /Game/Designer/Level_Design/Maps/Maps/UEDPIE_0_ChaseScene.ChaseScene:PersistentLevel.Chaser_5
	Function /Game/Designer/BP_Cameron/Chaser.Chaser_C:ExecuteUbergraph_Chaser:013E
[2021.05.07-08.20.55:930][358]PIE: Error: Blueprint Runtime Error: "Attempted to access MyCharactor_2 via property CharBP, but MyCharactor_2 is pending kill". Blueprint:  Chaser Function:  Execute Ubergraph Chaser Graph:  EventGraph Node:  Set MaxWalkSpeed
[2021.05.07-08.20.55:930][358]LogScript: Warning: Accessed None
	Chaser_C /Game/Designer/Level_Design/Maps/Maps/UEDPIE_0_ChaseScene.ChaseScene:PersistentLevel.Chaser_5
	Function /Game/Designer/BP_Cameron/Chaser.Chaser_C:ExecuteUbergraph_Chaser:0153
[2021.05.07-08.20.55:931][358]PIE: Error: Blueprint Runtime Error: "Accessed None". Blueprint:  Chaser Function:  Execute Ubergraph Chaser Graph:  EventGraph Node:  Set MaxWalkSpeed
[2021.05.07-08.20.55:945][358]LogScript: Warning: Script Msg: Divide by zero detected: 0.000000 / 0
Script call stack:
	Function /Game/Programmer/scrips/StaminaHUD.StaminaHUD_C:Get_StaminaBar_Percent_0

[2021.05.07-08.20.55:945][358]LogScript: Warning: Script Msg: Divide by zero detected: 0.000000 / 0
Script call stack:
	Function /Game/Programmer/scrips/StaminaHUD.StaminaHUD_C:Get_StaminaBar_Percent_0

[2021.05.07-08.20.56:038][359]LogScript: Warning: Attempted to access MyCharactor_2 via property CharBP, but MyCharactor_2 is pending kill
	Chaser_C /Game/Designer/Level_Design/Maps/Maps/UEDPIE_0_ChaseScene.ChaseScene:PersistentLevel.Chaser_5
	Function /Game/Designer/BP_Cameron/Chaser.Chaser_C:ExecuteUbergraph_Chaser:013E
[2021.05.07-08.20.56:039][359]PIE: Error: Blueprint Runtime Error: "Attempted to access MyCharactor_2 via property CharBP, but MyCharactor_2 is pending kill". Blueprint:  Chaser Function:  Execute Ubergraph Chaser Graph:  EventGraph Node:  Set MaxWalkSpeed
[2021.05.07-08.20.56:039][359]PIE: Error: Blueprint Runtime Error: "Accessed None". Blueprint:  Chaser Function:  Execute Ubergraph Chaser Graph:  EventGraph Node:  Set MaxWalkSpeed
[2021.05.07-08.20.56:051][359]LogScript: Warning: Script Msg: Divide by zero detected: 0.000000 / 0
Script call stack:
	Function /Game/Programmer/scrips/StaminaHUD.StaminaHUD_C:Get_StaminaBar_Percent_0

[2021.05.07-08.20.56:051][359]LogScript: Warning: Script Msg: Divide by zero detected: 0.000000 / 0
Script call stack:
	Function /Game/Programmer/scrips/StaminaHUD.StaminaHUD_C:Get_StaminaBar_Percent_0

[2021.05.07-08.20.56:190][360]PIE: Error: Blueprint Runtime Error: "Attempted to access MyCharactor_2 via property CharBP, but MyCharactor_2 is pending kill". Blueprint:  Chaser Function:  Execute Ubergraph Chaser Graph:  EventGraph Node:  Set MaxWalkSpeed
[2021.05.07-08.20.56:190][360]PIE: Error: Blueprint Runtime Error: "Accessed None". Blueprint:  Chaser Function:  Execute Ubergraph Chaser Graph:  EventGraph Node:  Set MaxWalkSpeed
[2021.05.07-08.20.56:245][360]LogSlate: Updating window title bar state: overlay mode, drag disabled, window buttons hidden, title bar hidden
[2021.05.07-08.20.56:246][360]LogWorld: BeginTearingDown for /Game/Designer/Level_Design/Maps/Maps/UEDPIE_0_ChaseScene
[2021.05.07-08.20.56:248][360]LogWorld: UWorld::CleanupWorld for ChaseScene, bSessionEnded=true, bCleanupResources=true
[2021.05.07-08.20.56:266][360]LogSlate: InvalidateAllWidgets triggered.  All widgets were invalidated
[2021.05.07-08.20.56:398][360]LogPlayLevel: Display: Shutting down PIE online subsystems
[2021.05.07-08.20.56:405][360]LogSlate: InvalidateAllWidgets triggered.  All widgets were invalidated
[2021.05.07-08.20.56:636][360]LogSlate: Updating window title bar state: overlay mode, drag disabled, window buttons hidden, title bar hidden
[2021.05.07-08.20.56:677][360]LogAISub: UAISubsystem::~UAISubsystem AIPerceptionSystem (0000016541B1D440), frame # 360
[2021.05.07-08.20.56:677][360]LogAISub: UAISubsystem::~UAISubsystem EnvQueryManager (0000016572F47E00), frame # 360
[2021.05.07-08.20.56:683][360]LogUObjectHash: Compacting FUObjectHashTables data took   4.71ms
[2021.05.07-08.20.57:018][361]LogPlayLevel: Display: Destroying online subsystem :Context_3
[2021.05.07-08.20.58:676][376]LogTemp: Repeating last play command: Selected Viewport
[2021.05.07-08.20.58:773][376]LogPlayLevel: PlayLevel: No blueprints needed recompiling
[2021.05.07-08.20.58:774][376]PIE: New page: PIE session: ChaseScene (7 May 2021, 10:20:58)
[2021.05.07-08.20.58:774][376]LogPlayLevel: Creating play world package: /Game/Designer/Level_Design/Maps/Maps/UEDPIE_0_ChaseScene
[2021.05.07-08.20.59:097][376]LogPlayLevel: PIE: StaticDuplicateObject took: (0.323344s)
[2021.05.07-08.20.59:101][376]LogAIModule: Creating AISystem for world ChaseScene
[2021.05.07-08.20.59:101][376]LogAISub: UAISubsystem::UAISubsystem EnvQueryManager (0000016582BE9A00), frame # 376
[2021.05.07-08.20.59:101][376]LogAISub: UAISubsystem::UAISubsystem AIPerceptionSystem (0000016563C18A40), frame # 376
[2021.05.07-08.20.59:102][376]LogPlayLevel: PIE: World Init took: (0.004462s)
[2021.05.07-08.20.59:102][376]LogPlayLevel: PIE: Created PIE world by copying editor world from /Game/Designer/Level_Design/Maps/Maps/ChaseScene.ChaseScene to /Game/Designer/Level_Design/Maps/Maps/UEDPIE_0_ChaseScene.ChaseScene (0.328586s)
[2021.05.07-08.20.59:230][376]LogUObjectHash: Compacting FUObjectHashTables data took   3.81ms
[2021.05.07-08.20.59:238][376]LogAudioMixer: Display: Audio Mixer Platform Settings:
[2021.05.07-08.20.59:238][376]LogAudioMixer: Display: 	Sample Rate:						  48000
[2021.05.07-08.20.59:238][376]LogAudioMixer: Display: 	Callback Buffer Frame Size Requested: 1024
[2021.05.07-08.20.59:238][376]LogAudioMixer: Display: 	Callback Buffer Frame Size To Use:	  1024
[2021.05.07-08.20.59:238][376]LogAudioMixer: Display: 	Number of buffers to queue:			  2
[2021.05.07-08.20.59:238][376]LogAudioMixer: Display: 	Max Channels (voices):				  32
[2021.05.07-08.20.59:238][376]LogAudioMixer: Display: 	Number of Async Source Workers:		  0
[2021.05.07-08.20.59:238][376]LogAudio: Display: AudioDevice MaxSources: 32
[2021.05.07-08.20.59:240][376]LogAudio: Display: Using built-in audio occlusion.
[2021.05.07-08.20.59:240][376]LogAudioMixer: Display: Initializing audio mixer.
[2021.05.07-08.20.59:261][376]LogAudioMixer: Display: 0: FrontLeft
[2021.05.07-08.20.59:262][376]LogAudioMixer: Display: 1: FrontRight
[2021.05.07-08.20.59:354][376]LogAudioMixer: Display: Using Audio Device Speakers (Realtek High Definition Audio)
[2021.05.07-08.20.59:354][376]LogAudioMixer: Display: Initializing Sound Submixes...
[2021.05.07-08.20.59:355][376]LogAudioMixer: Display: Creating Master Submix 'MasterSubmixDefault'
[2021.05.07-08.20.59:355][376]LogAudioMixer: Display: Creating Master Submix 'MasterReverbSubmixDefault'
[2021.05.07-08.20.59:356][376]LogAudioMixer: Display: Creating Master Submix 'MasterEQSubmixDefault'
[2021.05.07-08.20.59:424][376]LogInit: FAudioDevice initialized.
[2021.05.07-08.20.59:445][376]LogLoad: Game class is 'SideScrollerGameMode_C'
[2021.05.07-08.20.59:572][376]LogWorld: Bringing World /Game/Designer/Level_Design/Maps/Maps/UEDPIE_0_ChaseScene.ChaseScene up for play (max tick rate 0) at 2021.05.07-09.20.59
[2021.05.07-08.20.59:579][376]LogWorld: Bringing up level for play took: 0.132537
[2021.05.07-08.20.59:581][376]LogOnline: OSS: Creating online subsystem instance for: :Context_4
[2021.05.07-08.20.59:605][376]LogSlate: Updating window title bar state: overlay mode, drag disabled, window buttons hidden, title bar hidden
[2021.05.07-08.20.59:617][376]PIE: Server logged in
[2021.05.07-08.20.59:619][376]PIE: Play in editor total start time 0.848 seconds.
[2021.05.07-08.21.14:365][638]LogSlate: Updating window title bar state: overlay mode, drag disabled, window buttons hidden, title bar hidden
[2021.05.07-08.21.14:365][638]LogWorld: BeginTearingDown for /Game/Designer/Level_Design/Maps/Maps/UEDPIE_0_ChaseScene
[2021.05.07-08.21.14:367][638]LogWorld: UWorld::CleanupWorld for ChaseScene, bSessionEnded=true, bCleanupResources=true
[2021.05.07-08.21.14:383][638]LogSlate: InvalidateAllWidgets triggered.  All widgets were invalidated
[2021.05.07-08.21.14:425][638]LogPlayLevel: Display: Shutting down PIE online subsystems
[2021.05.07-08.21.14:433][638]LogSlate: InvalidateAllWidgets triggered.  All widgets were invalidated
[2021.05.07-08.21.14:646][638]LogSlate: Updating window title bar state: overlay mode, drag disabled, window buttons hidden, title bar hidden
[2021.05.07-08.21.14:678][638]LogAISub: UAISubsystem::~UAISubsystem AIPerceptionSystem (0000016563C18A40), frame # 638
[2021.05.07-08.21.14:678][638]LogAISub: UAISubsystem::~UAISubsystem EnvQueryManager (0000016582BE9A00), frame # 638
[2021.05.07-08.21.14:685][638]LogUObjectHash: Compacting FUObjectHashTables data took   3.69ms
[2021.05.07-08.21.14:832][639]LogPlayLevel: Display: Destroying online subsystem :Context_4
[2021.05.07-08.21.29:781][852]LogSlate: Took 0.000701 seconds to synchronously load lazily loaded font '../../../Engine/Content/Slate/Fonts/Roboto-Light.ttf' (167K)
[2021.05.07-08.21.29:823][852]LogAssetEditorSubsystem: Opening Asset editor for Blueprint /Game/Programmer/scrips/Jay_W9055613/AI/EnemyCharacter_JB.EnemyCharacter_JB
[2021.05.07-08.21.31:903][852]LogContentBrowser: Native class hierarchy updated for 'BlueprintGraph' in 0.0023 seconds. Added 125 classes and 0 folders.
[2021.05.07-08.21.36:455][852]LogSlate: Took 0.046060 seconds to synchronously load lazily loaded font '../../../Engine/Content/Slate/Fonts/Roboto-BoldCondensed.ttf' (158K)
[2021.05.07-08.21.36:844][853]LogSlate: Took 0.021288 seconds to synchronously load lazily loaded font '../../../Engine/Content/Slate/Fonts/Roboto-Italic.ttf' (157K)
[2021.05.07-08.22.19:880][490]LogSlate: Window 'Message Log' being destroyed
[2021.05.07-08.22.19:887][490]LogSlate: Window 'Message Log' being destroyed
